{"/Users/jamesaphoenix/Desktop/projects/just_understanding_data/open-person/packages/persona-sdk/examples/basic-usage.ts": {"path":"/Users/jamesaphoenix/Desktop/projects/just_understanding_data/open-person/packages/persona-sdk/examples/basic-usage.ts","all":true,"statementMap":{"0":{"start":{"line":1,"column":0},"end":{"line":1,"column":9}},"10":{"start":{"line":11,"column":0},"end":{"line":11,"column":24}},"11":{"start":{"line":12,"column":0},"end":{"line":12,"column":33}},"14":{"start":{"line":15,"column":0},"end":{"line":15,"column":16}},"20":{"start":{"line":21,"column":0},"end":{"line":21,"column":39}},"21":{"start":{"line":22,"column":0},"end":{"line":22,"column":50}},"24":{"start":{"line":25,"column":0},"end":{"line":25,"column":40}},"25":{"start":{"line":26,"column":0},"end":{"line":26,"column":12}},"26":{"start":{"line":27,"column":0},"end":{"line":27,"column":18}},"27":{"start":{"line":28,"column":0},"end":{"line":28,"column":41}},"28":{"start":{"line":29,"column":0},"end":{"line":29,"column":29}},"29":{"start":{"line":30,"column":0},"end":{"line":30,"column":5}},"31":{"start":{"line":32,"column":0},"end":{"line":32,"column":51}},"32":{"start":{"line":33,"column":0},"end":{"line":33,"column":1}},"34":{"start":{"line":35,"column":0},"end":{"line":35,"column":46}},"35":{"start":{"line":36,"column":0},"end":{"line":36,"column":59}},"38":{"start":{"line":39,"column":0},"end":{"line":39,"column":25}},"39":{"start":{"line":40,"column":0},"end":{"line":40,"column":40}},"40":{"start":{"line":41,"column":0},"end":{"line":41,"column":49}},"41":{"start":{"line":42,"column":0},"end":{"line":42,"column":54}},"42":{"start":{"line":43,"column":0},"end":{"line":43,"column":54}},"43":{"start":{"line":44,"column":0},"end":{"line":44,"column":75}},"44":{"start":{"line":45,"column":0},"end":{"line":45,"column":45}},"45":{"start":{"line":46,"column":0},"end":{"line":46,"column":49}},"46":{"start":{"line":47,"column":0},"end":{"line":47,"column":47}},"47":{"start":{"line":48,"column":0},"end":{"line":48,"column":43}},"48":{"start":{"line":49,"column":0},"end":{"line":49,"column":40}},"49":{"start":{"line":50,"column":0},"end":{"line":50,"column":44}},"50":{"start":{"line":51,"column":0},"end":{"line":51,"column":6}},"51":{"start":{"line":52,"column":0},"end":{"line":52,"column":4}},"54":{"start":{"line":55,"column":0},"end":{"line":55,"column":72}},"55":{"start":{"line":56,"column":0},"end":{"line":56,"column":54}},"58":{"start":{"line":59,"column":0},"end":{"line":59,"column":71}},"59":{"start":{"line":60,"column":0},"end":{"line":60,"column":42}},"60":{"start":{"line":61,"column":0},"end":{"line":61,"column":28}},"61":{"start":{"line":62,"column":0},"end":{"line":62,"column":117}},"62":{"start":{"line":63,"column":0},"end":{"line":63,"column":5}},"63":{"start":{"line":64,"column":0},"end":{"line":64,"column":1}},"65":{"start":{"line":66,"column":0},"end":{"line":66,"column":41}},"66":{"start":{"line":67,"column":0},"end":{"line":67,"column":53}},"69":{"start":{"line":70,"column":0},"end":{"line":70,"column":54}},"70":{"start":{"line":71,"column":0},"end":{"line":71,"column":16}},"71":{"start":{"line":72,"column":0},"end":{"line":72,"column":27}},"72":{"start":{"line":73,"column":0},"end":{"line":73,"column":41}},"73":{"start":{"line":74,"column":0},"end":{"line":74,"column":55}},"74":{"start":{"line":75,"column":0},"end":{"line":75,"column":48}},"75":{"start":{"line":76,"column":0},"end":{"line":76,"column":5}},"76":{"start":{"line":77,"column":0},"end":{"line":77,"column":5}},"79":{"start":{"line":80,"column":0},"end":{"line":80,"column":41}},"81":{"start":{"line":82,"column":0},"end":{"line":82,"column":79}},"84":{"start":{"line":85,"column":0},"end":{"line":85,"column":49}},"85":{"start":{"line":86,"column":0},"end":{"line":86,"column":35}},"86":{"start":{"line":87,"column":0},"end":{"line":87,"column":54}},"87":{"start":{"line":88,"column":0},"end":{"line":88,"column":40}},"88":{"start":{"line":89,"column":0},"end":{"line":89,"column":40}},"89":{"start":{"line":90,"column":0},"end":{"line":90,"column":59}},"92":{"start":{"line":93,"column":0},"end":{"line":93,"column":74}},"93":{"start":{"line":94,"column":0},"end":{"line":94,"column":64}},"96":{"start":{"line":97,"column":0},"end":{"line":97,"column":40}},"97":{"start":{"line":98,"column":0},"end":{"line":98,"column":35}},"98":{"start":{"line":99,"column":0},"end":{"line":99,"column":15}},"99":{"start":{"line":100,"column":0},"end":{"line":100,"column":49}},"100":{"start":{"line":101,"column":0},"end":{"line":101,"column":5}},"101":{"start":{"line":102,"column":0},"end":{"line":102,"column":1}},"103":{"start":{"line":104,"column":0},"end":{"line":104,"column":36}},"104":{"start":{"line":105,"column":0},"end":{"line":105,"column":49}},"106":{"start":{"line":107,"column":0},"end":{"line":107,"column":36}},"107":{"start":{"line":108,"column":0},"end":{"line":108,"column":65}},"108":{"start":{"line":109,"column":0},"end":{"line":109,"column":11}},"109":{"start":{"line":110,"column":0},"end":{"line":110,"column":3}},"112":{"start":{"line":113,"column":0},"end":{"line":113,"column":62}},"114":{"start":{"line":115,"column":0},"end":{"line":115,"column":33}},"115":{"start":{"line":116,"column":0},"end":{"line":116,"column":40}},"116":{"start":{"line":117,"column":0},"end":{"line":117,"column":70}},"117":{"start":{"line":118,"column":0},"end":{"line":118,"column":49}},"118":{"start":{"line":119,"column":0},"end":{"line":119,"column":65}},"119":{"start":{"line":120,"column":0},"end":{"line":120,"column":51}},"120":{"start":{"line":121,"column":0},"end":{"line":121,"column":44}},"121":{"start":{"line":122,"column":0},"end":{"line":122,"column":46}},"122":{"start":{"line":123,"column":0},"end":{"line":123,"column":43}},"123":{"start":{"line":124,"column":0},"end":{"line":124,"column":6}},"124":{"start":{"line":125,"column":0},"end":{"line":125,"column":4}},"126":{"start":{"line":127,"column":0},"end":{"line":127,"column":69}},"129":{"start":{"line":130,"column":0},"end":{"line":130,"column":52}},"132":{"start":{"line":133,"column":0},"end":{"line":133,"column":53}},"133":{"start":{"line":134,"column":0},"end":{"line":134,"column":64}},"134":{"start":{"line":135,"column":0},"end":{"line":135,"column":18}},"135":{"start":{"line":136,"column":0},"end":{"line":136,"column":42}},"136":{"start":{"line":137,"column":0},"end":{"line":137,"column":4}},"138":{"start":{"line":139,"column":0},"end":{"line":139,"column":49}},"139":{"start":{"line":140,"column":0},"end":{"line":140,"column":47}},"140":{"start":{"line":141,"column":0},"end":{"line":141,"column":40}},"141":{"start":{"line":142,"column":0},"end":{"line":142,"column":62}},"142":{"start":{"line":143,"column":0},"end":{"line":143,"column":68}},"143":{"start":{"line":144,"column":0},"end":{"line":144,"column":50}},"144":{"start":{"line":145,"column":0},"end":{"line":145,"column":5}},"146":{"start":{"line":147,"column":0},"end":{"line":147,"column":51}},"147":{"start":{"line":148,"column":0},"end":{"line":148,"column":36}},"148":{"start":{"line":149,"column":0},"end":{"line":149,"column":53}},"149":{"start":{"line":150,"column":0},"end":{"line":150,"column":36}},"150":{"start":{"line":151,"column":0},"end":{"line":151,"column":5}},"151":{"start":{"line":152,"column":0},"end":{"line":152,"column":1}},"153":{"start":{"line":154,"column":0},"end":{"line":154,"column":41}},"154":{"start":{"line":155,"column":0},"end":{"line":155,"column":54}},"156":{"start":{"line":157,"column":0},"end":{"line":157,"column":36}},"157":{"start":{"line":158,"column":0},"end":{"line":158,"column":53}},"158":{"start":{"line":159,"column":0},"end":{"line":159,"column":11}},"159":{"start":{"line":160,"column":0},"end":{"line":160,"column":3}},"162":{"start":{"line":163,"column":0},"end":{"line":163,"column":59}},"164":{"start":{"line":165,"column":0},"end":{"line":165,"column":29}},"165":{"start":{"line":166,"column":0},"end":{"line":166,"column":46}},"166":{"start":{"line":167,"column":0},"end":{"line":167,"column":45}},"167":{"start":{"line":168,"column":0},"end":{"line":168,"column":41}},"168":{"start":{"line":169,"column":0},"end":{"line":169,"column":47}},"169":{"start":{"line":170,"column":0},"end":{"line":170,"column":7}},"170":{"start":{"line":171,"column":0},"end":{"line":171,"column":73}},"171":{"start":{"line":172,"column":0},"end":{"line":172,"column":61}},"172":{"start":{"line":173,"column":0},"end":{"line":173,"column":44}},"173":{"start":{"line":174,"column":0},"end":{"line":174,"column":4}},"175":{"start":{"line":176,"column":0},"end":{"line":176,"column":61}},"178":{"start":{"line":179,"column":0},"end":{"line":179,"column":42}},"179":{"start":{"line":180,"column":0},"end":{"line":180,"column":36}},"180":{"start":{"line":181,"column":0},"end":{"line":181,"column":23}},"181":{"start":{"line":182,"column":0},"end":{"line":182,"column":43}},"182":{"start":{"line":183,"column":0},"end":{"line":183,"column":45}},"183":{"start":{"line":184,"column":0},"end":{"line":184,"column":8}},"184":{"start":{"line":185,"column":0},"end":{"line":185,"column":46}},"185":{"start":{"line":186,"column":0},"end":{"line":186,"column":26}},"186":{"start":{"line":187,"column":0},"end":{"line":187,"column":32}},"187":{"start":{"line":188,"column":0},"end":{"line":188,"column":32}},"188":{"start":{"line":189,"column":0},"end":{"line":189,"column":8}},"189":{"start":{"line":190,"column":0},"end":{"line":190,"column":42}},"190":{"start":{"line":191,"column":0},"end":{"line":191,"column":44}},"191":{"start":{"line":192,"column":0},"end":{"line":192,"column":5}},"193":{"start":{"line":194,"column":0},"end":{"line":194,"column":48}},"194":{"start":{"line":195,"column":0},"end":{"line":195,"column":67}},"195":{"start":{"line":196,"column":0},"end":{"line":196,"column":26}},"196":{"start":{"line":197,"column":0},"end":{"line":197,"column":156}},"197":{"start":{"line":198,"column":0},"end":{"line":198,"column":4}},"199":{"start":{"line":200,"column":0},"end":{"line":200,"column":34}},"200":{"start":{"line":201,"column":0},"end":{"line":201,"column":56}},"201":{"start":{"line":202,"column":0},"end":{"line":202,"column":38}},"202":{"start":{"line":203,"column":0},"end":{"line":203,"column":61}},"203":{"start":{"line":204,"column":0},"end":{"line":204,"column":68}},"204":{"start":{"line":205,"column":0},"end":{"line":205,"column":5}},"206":{"start":{"line":207,"column":0},"end":{"line":207,"column":44}},"207":{"start":{"line":208,"column":0},"end":{"line":208,"column":62}},"208":{"start":{"line":209,"column":0},"end":{"line":209,"column":84}},"209":{"start":{"line":210,"column":0},"end":{"line":210,"column":5}},"210":{"start":{"line":211,"column":0},"end":{"line":211,"column":1}},"212":{"start":{"line":213,"column":0},"end":{"line":213,"column":37}},"213":{"start":{"line":214,"column":0},"end":{"line":214,"column":49}},"215":{"start":{"line":216,"column":0},"end":{"line":216,"column":36}},"216":{"start":{"line":217,"column":0},"end":{"line":217,"column":53}},"217":{"start":{"line":218,"column":0},"end":{"line":218,"column":11}},"218":{"start":{"line":219,"column":0},"end":{"line":219,"column":3}},"221":{"start":{"line":222,"column":0},"end":{"line":222,"column":55}},"223":{"start":{"line":224,"column":0},"end":{"line":224,"column":31}},"224":{"start":{"line":225,"column":0},"end":{"line":225,"column":40}},"225":{"start":{"line":226,"column":0},"end":{"line":226,"column":62}},"226":{"start":{"line":227,"column":0},"end":{"line":227,"column":45}},"227":{"start":{"line":228,"column":0},"end":{"line":228,"column":43}},"228":{"start":{"line":229,"column":0},"end":{"line":229,"column":46}},"229":{"start":{"line":230,"column":0},"end":{"line":230,"column":42}},"230":{"start":{"line":231,"column":0},"end":{"line":231,"column":7}},"231":{"start":{"line":232,"column":0},"end":{"line":232,"column":67}},"232":{"start":{"line":233,"column":0},"end":{"line":233,"column":47}},"233":{"start":{"line":234,"column":0},"end":{"line":234,"column":4}},"235":{"start":{"line":236,"column":0},"end":{"line":236,"column":66}},"237":{"start":{"line":238,"column":0},"end":{"line":238,"column":52}},"239":{"start":{"line":240,"column":0},"end":{"line":240,"column":47}},"240":{"start":{"line":241,"column":0},"end":{"line":241,"column":68}},"242":{"start":{"line":243,"column":0},"end":{"line":243,"column":36}},"243":{"start":{"line":244,"column":0},"end":{"line":244,"column":50}},"244":{"start":{"line":245,"column":0},"end":{"line":245,"column":71}},"245":{"start":{"line":246,"column":0},"end":{"line":246,"column":45}},"246":{"start":{"line":247,"column":0},"end":{"line":247,"column":71}},"247":{"start":{"line":248,"column":0},"end":{"line":248,"column":74}},"248":{"start":{"line":249,"column":0},"end":{"line":249,"column":5}},"250":{"start":{"line":251,"column":0},"end":{"line":251,"column":78}},"251":{"start":{"line":252,"column":0},"end":{"line":252,"column":33}},"252":{"start":{"line":253,"column":0},"end":{"line":253,"column":50}},"253":{"start":{"line":254,"column":0},"end":{"line":254,"column":40}},"254":{"start":{"line":255,"column":0},"end":{"line":255,"column":5}},"255":{"start":{"line":256,"column":0},"end":{"line":256,"column":1}},"258":{"start":{"line":259,"column":0},"end":{"line":259,"column":30}},"259":{"start":{"line":260,"column":0},"end":{"line":260,"column":7}},"260":{"start":{"line":261,"column":0},"end":{"line":261,"column":33}},"261":{"start":{"line":262,"column":0},"end":{"line":262,"column":40}},"262":{"start":{"line":263,"column":0},"end":{"line":263,"column":35}},"263":{"start":{"line":264,"column":0},"end":{"line":264,"column":30}},"264":{"start":{"line":265,"column":0},"end":{"line":265,"column":35}},"265":{"start":{"line":266,"column":0},"end":{"line":266,"column":31}},"266":{"start":{"line":267,"column":0},"end":{"line":267,"column":19}},"267":{"start":{"line":268,"column":0},"end":{"line":268,"column":52}},"268":{"start":{"line":269,"column":0},"end":{"line":269,"column":3}},"269":{"start":{"line":270,"column":0},"end":{"line":270,"column":1}},"272":{"start":{"line":273,"column":0},"end":{"line":273,"column":30}},"273":{"start":{"line":274,"column":0},"end":{"line":274,"column":16}},"274":{"start":{"line":275,"column":0},"end":{"line":275,"column":1}}},"s":{"0":0,"10":0,"11":0,"14":0,"20":0,"21":0,"24":0,"25":0,"26":0,"27":0,"28":0,"29":0,"31":0,"32":0,"34":0,"35":0,"38":0,"39":0,"40":0,"41":0,"42":0,"43":0,"44":0,"45":0,"46":0,"47":0,"48":0,"49":0,"50":0,"51":0,"54":0,"55":0,"58":0,"59":0,"60":0,"61":0,"62":0,"63":0,"65":0,"66":0,"69":0,"70":0,"71":0,"72":0,"73":0,"74":0,"75":0,"76":0,"79":0,"81":0,"84":0,"85":0,"86":0,"87":0,"88":0,"89":0,"92":0,"93":0,"96":0,"97":0,"98":0,"99":0,"100":0,"101":0,"103":0,"104":0,"106":0,"107":0,"108":0,"109":0,"112":0,"114":0,"115":0,"116":0,"117":0,"118":0,"119":0,"120":0,"121":0,"122":0,"123":0,"124":0,"126":0,"129":0,"132":0,"133":0,"134":0,"135":0,"136":0,"138":0,"139":0,"140":0,"141":0,"142":0,"143":0,"144":0,"146":0,"147":0,"148":0,"149":0,"150":0,"151":0,"153":0,"154":0,"156":0,"157":0,"158":0,"159":0,"162":0,"164":0,"165":0,"166":0,"167":0,"168":0,"169":0,"170":0,"171":0,"172":0,"173":0,"175":0,"178":0,"179":0,"180":0,"181":0,"182":0,"183":0,"184":0,"185":0,"186":0,"187":0,"188":0,"189":0,"190":0,"191":0,"193":0,"194":0,"195":0,"196":0,"197":0,"199":0,"200":0,"201":0,"202":0,"203":0,"204":0,"206":0,"207":0,"208":0,"209":0,"210":0,"212":0,"213":0,"215":0,"216":0,"217":0,"218":0,"221":0,"223":0,"224":0,"225":0,"226":0,"227":0,"228":0,"229":0,"230":0,"231":0,"232":0,"233":0,"235":0,"237":0,"239":0,"240":0,"242":0,"243":0,"244":0,"245":0,"246":0,"247":0,"248":0,"250":0,"251":0,"252":0,"253":0,"254":0,"255":0,"258":0,"259":0,"260":0,"261":0,"262":0,"263":0,"264":0,"265":0,"266":0,"267":0,"268":0,"269":0,"272":0,"273":0,"274":0},"branchMap":{"0":{"type":"branch","line":1,"loc":{"start":{"line":1,"column":0},"end":{"line":275,"column":-530}},"locations":[{"start":{"line":1,"column":0},"end":{"line":275,"column":-530}}]}},"b":{"0":[0]},"fnMap":{"0":{"name":"(empty-report)","decl":{"start":{"line":1,"column":0},"end":{"line":275,"column":-530}},"loc":{"start":{"line":1,"column":0},"end":{"line":275,"column":-530}},"line":1}},"f":{"0":0}}
,"/Users/jamesaphoenix/Desktop/projects/just_understanding_data/open-person/packages/persona-sdk/src/index.ts": {"path":"/Users/jamesaphoenix/Desktop/projects/just_understanding_data/open-person/packages/persona-sdk/src/index.ts","all":true,"statementMap":{"58":{"start":{"line":59,"column":0},"end":{"line":59,"column":36}},"59":{"start":{"line":60,"column":0},"end":{"line":60,"column":47}},"60":{"start":{"line":61,"column":0},"end":{"line":61,"column":51}},"63":{"start":{"line":64,"column":0},"end":{"line":64,"column":8}},"84":{"start":{"line":85,"column":0},"end":{"line":85,"column":8}},"91":{"start":{"line":92,"column":0},"end":{"line":92,"column":24}},"94":{"start":{"line":95,"column":0},"end":{"line":95,"column":31}}},"s":{"58":0,"59":0,"60":0,"63":0,"84":0,"91":0,"94":0},"branchMap":{"0":{"type":"branch","line":1,"loc":{"start":{"line":1,"column":2665},"end":{"line":95,"column":31}},"locations":[{"start":{"line":1,"column":2665},"end":{"line":95,"column":31}}]}},"b":{"0":[1]},"fnMap":{"0":{"name":"(empty-report)","decl":{"start":{"line":1,"column":2665},"end":{"line":95,"column":31}},"loc":{"start":{"line":1,"column":2665},"end":{"line":95,"column":31}},"line":1}},"f":{"0":1}}
,"/Users/jamesaphoenix/Desktop/projects/just_understanding_data/open-person/packages/persona-sdk/src/persona-builder.ts": {"path":"/Users/jamesaphoenix/Desktop/projects/just_understanding_data/open-person/packages/persona-sdk/src/persona-builder.ts","all":false,"statementMap":{"7":{"start":{"line":8,"column":0},"end":{"line":8,"column":36}},"40":{"start":{"line":41,"column":0},"end":{"line":41,"column":29}},"45":{"start":{"line":46,"column":0},"end":{"line":46,"column":28}},"51":{"start":{"line":52,"column":0},"end":{"line":52,"column":58}},"57":{"start":{"line":58,"column":0},"end":{"line":58,"column":46}},"65":{"start":{"line":66,"column":0},"end":{"line":66,"column":42}},"66":{"start":{"line":67,"column":0},"end":{"line":67,"column":21}},"67":{"start":{"line":68,"column":0},"end":{"line":68,"column":16}},"68":{"start":{"line":69,"column":0},"end":{"line":69,"column":3}},"85":{"start":{"line":86,"column":0},"end":{"line":86,"column":63}},"86":{"start":{"line":87,"column":0},"end":{"line":87,"column":35}},"87":{"start":{"line":88,"column":0},"end":{"line":88,"column":35}},"88":{"start":{"line":89,"column":0},"end":{"line":89,"column":12}},"89":{"start":{"line":90,"column":0},"end":{"line":90,"column":32}},"90":{"start":{"line":91,"column":0},"end":{"line":91,"column":5}},"91":{"start":{"line":92,"column":0},"end":{"line":92,"column":16}},"92":{"start":{"line":93,"column":0},"end":{"line":93,"column":3}},"112":{"start":{"line":113,"column":0},"end":{"line":113,"column":77}},"113":{"start":{"line":114,"column":0},"end":{"line":114,"column":42}},"114":{"start":{"line":115,"column":0},"end":{"line":115,"column":49}},"115":{"start":{"line":116,"column":0},"end":{"line":116,"column":12}},"116":{"start":{"line":117,"column":0},"end":{"line":117,"column":46}},"117":{"start":{"line":118,"column":0},"end":{"line":118,"column":5}},"118":{"start":{"line":119,"column":0},"end":{"line":119,"column":16}},"119":{"start":{"line":120,"column":0},"end":{"line":120,"column":3}},"127":{"start":{"line":128,"column":0},"end":{"line":128,"column":101}},"128":{"start":{"line":129,"column":0},"end":{"line":129,"column":35}},"129":{"start":{"line":130,"column":0},"end":{"line":130,"column":35}},"130":{"start":{"line":131,"column":0},"end":{"line":131,"column":12}},"131":{"start":{"line":132,"column":0},"end":{"line":132,"column":32}},"132":{"start":{"line":133,"column":0},"end":{"line":133,"column":5}},"133":{"start":{"line":134,"column":0},"end":{"line":134,"column":16}},"134":{"start":{"line":135,"column":0},"end":{"line":135,"column":3}},"151":{"start":{"line":152,"column":0},"end":{"line":152,"column":84}},"152":{"start":{"line":153,"column":0},"end":{"line":153,"column":37}},"153":{"start":{"line":154,"column":0},"end":{"line":154,"column":38}},"154":{"start":{"line":155,"column":0},"end":{"line":155,"column":12}},"155":{"start":{"line":156,"column":0},"end":{"line":156,"column":35}},"156":{"start":{"line":157,"column":0},"end":{"line":157,"column":5}},"157":{"start":{"line":158,"column":0},"end":{"line":158,"column":16}},"158":{"start":{"line":159,"column":0},"end":{"line":159,"column":3}},"176":{"start":{"line":177,"column":0},"end":{"line":177,"column":93}},"177":{"start":{"line":178,"column":0},"end":{"line":178,"column":60}},"178":{"start":{"line":179,"column":0},"end":{"line":179,"column":39}},"179":{"start":{"line":180,"column":0},"end":{"line":180,"column":40}},"180":{"start":{"line":181,"column":0},"end":{"line":181,"column":14}},"181":{"start":{"line":182,"column":0},"end":{"line":182,"column":37}},"182":{"start":{"line":183,"column":0},"end":{"line":183,"column":7}},"183":{"start":{"line":184,"column":0},"end":{"line":184,"column":5}},"184":{"start":{"line":185,"column":0},"end":{"line":185,"column":16}},"185":{"start":{"line":186,"column":0},"end":{"line":186,"column":3}},"197":{"start":{"line":198,"column":0},"end":{"line":198,"column":39}},"198":{"start":{"line":199,"column":0},"end":{"line":199,"column":21}},"199":{"start":{"line":200,"column":0},"end":{"line":200,"column":50}},"200":{"start":{"line":201,"column":0},"end":{"line":201,"column":5}},"203":{"start":{"line":204,"column":0},"end":{"line":204,"column":53}},"205":{"start":{"line":206,"column":0},"end":{"line":206,"column":43}},"208":{"start":{"line":209,"column":0},"end":{"line":209,"column":67}},"209":{"start":{"line":210,"column":0},"end":{"line":210,"column":30}},"210":{"start":{"line":211,"column":0},"end":{"line":211,"column":7}},"213":{"start":{"line":214,"column":0},"end":{"line":214,"column":70}},"214":{"start":{"line":215,"column":0},"end":{"line":215,"column":30}},"215":{"start":{"line":216,"column":0},"end":{"line":216,"column":7}},"217":{"start":{"line":218,"column":0},"end":{"line":218,"column":60}},"218":{"start":{"line":219,"column":0},"end":{"line":219,"column":5}},"221":{"start":{"line":222,"column":0},"end":{"line":222,"column":86}},"222":{"start":{"line":223,"column":0},"end":{"line":223,"column":85}},"223":{"start":{"line":224,"column":0},"end":{"line":224,"column":5}},"225":{"start":{"line":226,"column":0},"end":{"line":226,"column":72}},"226":{"start":{"line":227,"column":0},"end":{"line":227,"column":3}},"248":{"start":{"line":249,"column":0},"end":{"line":249,"column":80}},"249":{"start":{"line":250,"column":0},"end":{"line":250,"column":54}},"250":{"start":{"line":251,"column":0},"end":{"line":251,"column":59}},"252":{"start":{"line":253,"column":0},"end":{"line":253,"column":37}},"253":{"start":{"line":254,"column":0},"end":{"line":254,"column":43}},"256":{"start":{"line":257,"column":0},"end":{"line":257,"column":44}},"257":{"start":{"line":258,"column":0},"end":{"line":258,"column":50}},"258":{"start":{"line":259,"column":0},"end":{"line":259,"column":56}},"260":{"start":{"line":261,"column":0},"end":{"line":261,"column":37}},"261":{"start":{"line":262,"column":0},"end":{"line":262,"column":5}},"263":{"start":{"line":264,"column":0},"end":{"line":264,"column":20}},"264":{"start":{"line":265,"column":0},"end":{"line":265,"column":3}},"272":{"start":{"line":273,"column":0},"end":{"line":273,"column":61}},"273":{"start":{"line":274,"column":0},"end":{"line":274,"column":91}},"274":{"start":{"line":275,"column":0},"end":{"line":275,"column":3}},"293":{"start":{"line":294,"column":0},"end":{"line":294,"column":35}},"294":{"start":{"line":295,"column":0},"end":{"line":295,"column":32}},"295":{"start":{"line":296,"column":0},"end":{"line":296,"column":3}},"296":{"start":{"line":297,"column":0},"end":{"line":297,"column":1}}},"s":{"7":1,"40":1,"45":1,"51":18,"57":18,"65":1,"66":8,"67":8,"68":8,"85":1,"86":9,"87":3,"88":9,"89":6,"90":6,"91":9,"92":9,"112":1,"113":9,"114":1,"115":9,"116":8,"117":8,"118":9,"119":9,"127":1,"128":9,"129":1,"130":9,"131":8,"132":8,"133":9,"134":9,"151":1,"152":5,"153":1,"154":5,"155":4,"156":4,"157":5,"158":5,"176":1,"177":2,"178":6,"179":0,"180":6,"181":6,"182":6,"183":6,"184":2,"185":2,"197":1,"198":16,"199":1,"200":1,"203":16,"205":8,"208":8,"209":19,"210":19,"213":8,"214":10,"215":10,"217":8,"218":8,"221":16,"222":1,"223":1,"225":6,"226":16,"248":1,"249":2,"250":2,"252":2,"253":8,"256":8,"257":8,"258":8,"260":8,"261":8,"263":2,"264":2,"272":1,"273":38,"274":38,"293":1,"294":10,"295":10,"296":1},"branchMap":{"0":{"type":"branch","line":46,"loc":{"start":{"line":46,"column":10},"end":{"line":58,"column":46}},"locations":[{"start":{"line":46,"column":10},"end":{"line":58,"column":46}}]},"1":{"type":"branch","line":66,"loc":{"start":{"line":66,"column":2},"end":{"line":69,"column":3}},"locations":[{"start":{"line":66,"column":2},"end":{"line":69,"column":3}}]},"2":{"type":"branch","line":86,"loc":{"start":{"line":86,"column":2},"end":{"line":93,"column":3}},"locations":[{"start":{"line":86,"column":2},"end":{"line":93,"column":3}}]},"3":{"type":"branch","line":87,"loc":{"start":{"line":87,"column":34},"end":{"line":89,"column":11}},"locations":[{"start":{"line":87,"column":34},"end":{"line":89,"column":11}}]},"4":{"type":"branch","line":89,"loc":{"start":{"line":89,"column":4},"end":{"line":91,"column":5}},"locations":[{"start":{"line":89,"column":4},"end":{"line":91,"column":5}}]},"5":{"type":"branch","line":113,"loc":{"start":{"line":113,"column":2},"end":{"line":120,"column":3}},"locations":[{"start":{"line":113,"column":2},"end":{"line":120,"column":3}}]},"6":{"type":"branch","line":114,"loc":{"start":{"line":114,"column":41},"end":{"line":116,"column":11}},"locations":[{"start":{"line":114,"column":41},"end":{"line":116,"column":11}}]},"7":{"type":"branch","line":116,"loc":{"start":{"line":116,"column":4},"end":{"line":118,"column":5}},"locations":[{"start":{"line":116,"column":4},"end":{"line":118,"column":5}}]},"8":{"type":"branch","line":128,"loc":{"start":{"line":128,"column":2},"end":{"line":135,"column":3}},"locations":[{"start":{"line":128,"column":2},"end":{"line":135,"column":3}}]},"9":{"type":"branch","line":129,"loc":{"start":{"line":129,"column":34},"end":{"line":131,"column":11}},"locations":[{"start":{"line":129,"column":34},"end":{"line":131,"column":11}}]},"10":{"type":"branch","line":131,"loc":{"start":{"line":131,"column":4},"end":{"line":133,"column":5}},"locations":[{"start":{"line":131,"column":4},"end":{"line":133,"column":5}}]},"11":{"type":"branch","line":152,"loc":{"start":{"line":152,"column":2},"end":{"line":159,"column":3}},"locations":[{"start":{"line":152,"column":2},"end":{"line":159,"column":3}}]},"12":{"type":"branch","line":153,"loc":{"start":{"line":153,"column":36},"end":{"line":155,"column":11}},"locations":[{"start":{"line":153,"column":36},"end":{"line":155,"column":11}}]},"13":{"type":"branch","line":155,"loc":{"start":{"line":155,"column":4},"end":{"line":157,"column":5}},"locations":[{"start":{"line":155,"column":4},"end":{"line":157,"column":5}}]},"14":{"type":"branch","line":177,"loc":{"start":{"line":177,"column":2},"end":{"line":186,"column":3}},"locations":[{"start":{"line":177,"column":2},"end":{"line":186,"column":3}}]},"15":{"type":"branch","line":178,"loc":{"start":{"line":178,"column":59},"end":{"line":184,"column":5}},"locations":[{"start":{"line":178,"column":59},"end":{"line":184,"column":5}}]},"16":{"type":"branch","line":179,"loc":{"start":{"line":179,"column":38},"end":{"line":181,"column":13}},"locations":[{"start":{"line":179,"column":38},"end":{"line":181,"column":13}}]},"17":{"type":"branch","line":198,"loc":{"start":{"line":198,"column":2},"end":{"line":227,"column":3}},"locations":[{"start":{"line":198,"column":2},"end":{"line":227,"column":3}}]},"18":{"type":"branch","line":199,"loc":{"start":{"line":199,"column":20},"end":{"line":201,"column":5}},"locations":[{"start":{"line":199,"column":20},"end":{"line":201,"column":5}}]},"19":{"type":"branch","line":201,"loc":{"start":{"line":201,"column":4},"end":{"line":204,"column":52}},"locations":[{"start":{"line":201,"column":4},"end":{"line":204,"column":52}}]},"20":{"type":"branch","line":204,"loc":{"start":{"line":204,"column":52},"end":{"line":219,"column":5}},"locations":[{"start":{"line":204,"column":52},"end":{"line":219,"column":5}}]},"21":{"type":"branch","line":209,"loc":{"start":{"line":209,"column":66},"end":{"line":211,"column":7}},"locations":[{"start":{"line":209,"column":66},"end":{"line":211,"column":7}}]},"22":{"type":"branch","line":214,"loc":{"start":{"line":214,"column":69},"end":{"line":216,"column":7}},"locations":[{"start":{"line":214,"column":69},"end":{"line":216,"column":7}}]},"23":{"type":"branch","line":219,"loc":{"start":{"line":219,"column":4},"end":{"line":222,"column":32}},"locations":[{"start":{"line":219,"column":4},"end":{"line":222,"column":32}}]},"24":{"type":"branch","line":222,"loc":{"start":{"line":222,"column":25},"end":{"line":222,"column":63}},"locations":[{"start":{"line":222,"column":25},"end":{"line":222,"column":63}}]},"25":{"type":"branch","line":222,"loc":{"start":{"line":222,"column":49},"end":{"line":222,"column":85}},"locations":[{"start":{"line":222,"column":49},"end":{"line":222,"column":85}}]},"26":{"type":"branch","line":222,"loc":{"start":{"line":222,"column":85},"end":{"line":224,"column":5}},"locations":[{"start":{"line":222,"column":85},"end":{"line":224,"column":5}}]},"27":{"type":"branch","line":224,"loc":{"start":{"line":224,"column":4},"end":{"line":226,"column":72}},"locations":[{"start":{"line":224,"column":4},"end":{"line":226,"column":72}}]},"28":{"type":"branch","line":249,"loc":{"start":{"line":249,"column":2},"end":{"line":265,"column":3}},"locations":[{"start":{"line":249,"column":2},"end":{"line":265,"column":3}}]},"29":{"type":"branch","line":251,"loc":{"start":{"line":251,"column":21},"end":{"line":251,"column":49}},"locations":[{"start":{"line":251,"column":21},"end":{"line":251,"column":49}}]},"30":{"type":"branch","line":251,"loc":{"start":{"line":251,"column":41},"end":{"line":251,"column":59}},"locations":[{"start":{"line":251,"column":41},"end":{"line":251,"column":59}}]},"31":{"type":"branch","line":253,"loc":{"start":{"line":253,"column":36},"end":{"line":262,"column":5}},"locations":[{"start":{"line":253,"column":36},"end":{"line":262,"column":5}}]},"32":{"type":"branch","line":273,"loc":{"start":{"line":273,"column":10},"end":{"line":275,"column":3}},"locations":[{"start":{"line":273,"column":10},"end":{"line":275,"column":3}}]},"33":{"type":"branch","line":274,"loc":{"start":{"line":274,"column":44},"end":{"line":274,"column":91}},"locations":[{"start":{"line":274,"column":44},"end":{"line":274,"column":91}}]},"34":{"type":"branch","line":294,"loc":{"start":{"line":294,"column":9},"end":{"line":296,"column":3}},"locations":[{"start":{"line":294,"column":9},"end":{"line":296,"column":3}}]}},"b":{"0":[18],"1":[8],"2":[9],"3":[3],"4":[6],"5":[9],"6":[1],"7":[8],"8":[9],"9":[1],"10":[8],"11":[5],"12":[1],"13":[4],"14":[2],"15":[6],"16":[0],"17":[16],"18":[1],"19":[15],"20":[8],"21":[19],"22":[10],"23":[7],"24":[6],"25":[6],"26":[1],"27":[6],"28":[2],"29":[1],"30":[0],"31":[8],"32":[38],"33":[6],"34":[10]},"fnMap":{"0":{"name":"<instance_members_initializer>","decl":{"start":{"line":46,"column":10},"end":{"line":58,"column":46}},"loc":{"start":{"line":46,"column":10},"end":{"line":58,"column":46}},"line":46},"1":{"name":"withName","decl":{"start":{"line":66,"column":2},"end":{"line":69,"column":3}},"loc":{"start":{"line":66,"column":2},"end":{"line":69,"column":3}},"line":66},"2":{"name":"withAge","decl":{"start":{"line":86,"column":2},"end":{"line":93,"column":3}},"loc":{"start":{"line":86,"column":2},"end":{"line":93,"column":3}},"line":86},"3":{"name":"withOccupation","decl":{"start":{"line":113,"column":2},"end":{"line":120,"column":3}},"loc":{"start":{"line":113,"column":2},"end":{"line":120,"column":3}},"line":113},"4":{"name":"withSex","decl":{"start":{"line":128,"column":2},"end":{"line":135,"column":3}},"loc":{"start":{"line":128,"column":2},"end":{"line":135,"column":3}},"line":128},"5":{"name":"withAttribute","decl":{"start":{"line":152,"column":2},"end":{"line":159,"column":3}},"loc":{"start":{"line":152,"column":2},"end":{"line":159,"column":3}},"line":152},"6":{"name":"withAttributes","decl":{"start":{"line":177,"column":2},"end":{"line":186,"column":3}},"loc":{"start":{"line":177,"column":2},"end":{"line":186,"column":3}},"line":177},"7":{"name":"build","decl":{"start":{"line":198,"column":2},"end":{"line":227,"column":3}},"loc":{"start":{"line":198,"column":2},"end":{"line":227,"column":3}},"line":198},"8":{"name":"buildMany","decl":{"start":{"line":249,"column":2},"end":{"line":265,"column":3}},"loc":{"start":{"line":249,"column":2},"end":{"line":265,"column":3}},"line":249},"9":{"name":"isDistribution","decl":{"start":{"line":273,"column":10},"end":{"line":275,"column":3}},"loc":{"start":{"line":273,"column":10},"end":{"line":275,"column":3}},"line":273},"10":{"name":"create","decl":{"start":{"line":294,"column":9},"end":{"line":296,"column":3}},"loc":{"start":{"line":294,"column":9},"end":{"line":296,"column":3}},"line":294}},"f":{"0":18,"1":8,"2":9,"3":9,"4":9,"5":5,"6":2,"7":16,"8":2,"9":38,"10":10}}
,"/Users/jamesaphoenix/Desktop/projects/just_understanding_data/open-person/packages/persona-sdk/src/persona-group.ts": {"path":"/Users/jamesaphoenix/Desktop/projects/just_understanding_data/open-person/packages/persona-sdk/src/persona-group.ts","all":false,"statementMap":{"0":{"start":{"line":1,"column":0},"end":{"line":1,"column":36}},"2":{"start":{"line":3,"column":0},"end":{"line":3,"column":40}},"35":{"start":{"line":36,"column":0},"end":{"line":36,"column":76}},"40":{"start":{"line":41,"column":0},"end":{"line":41,"column":24}},"46":{"start":{"line":47,"column":0},"end":{"line":47,"column":39}},"53":{"start":{"line":54,"column":0},"end":{"line":54,"column":39}},"64":{"start":{"line":65,"column":0},"end":{"line":65,"column":93}},"65":{"start":{"line":66,"column":0},"end":{"line":66,"column":21}},"66":{"start":{"line":67,"column":0},"end":{"line":67,"column":27}},"67":{"start":{"line":68,"column":0},"end":{"line":68,"column":39}},"68":{"start":{"line":69,"column":0},"end":{"line":69,"column":3}},"77":{"start":{"line":78,"column":0},"end":{"line":78,"column":32}},"78":{"start":{"line":79,"column":0},"end":{"line":79,"column":31}},"79":{"start":{"line":80,"column":0},"end":{"line":80,"column":3}},"86":{"start":{"line":87,"column":0},"end":{"line":87,"column":22}},"87":{"start":{"line":88,"column":0},"end":{"line":88,"column":33}},"88":{"start":{"line":89,"column":0},"end":{"line":89,"column":3}},"96":{"start":{"line":97,"column":0},"end":{"line":97,"column":34}},"97":{"start":{"line":98,"column":0},"end":{"line":98,"column":80}},"98":{"start":{"line":99,"column":0},"end":{"line":99,"column":83}},"99":{"start":{"line":100,"column":0},"end":{"line":100,"column":5}},"100":{"start":{"line":101,"column":0},"end":{"line":101,"column":33}},"101":{"start":{"line":102,"column":0},"end":{"line":102,"column":3}},"109":{"start":{"line":110,"column":0},"end":{"line":110,"column":38}},"110":{"start":{"line":111,"column":0},"end":{"line":111,"column":48}},"111":{"start":{"line":112,"column":0},"end":{"line":112,"column":68}},"112":{"start":{"line":113,"column":0},"end":{"line":113,"column":49}},"113":{"start":{"line":114,"column":0},"end":{"line":114,"column":3}},"121":{"start":{"line":122,"column":0},"end":{"line":122,"column":51}},"122":{"start":{"line":123,"column":0},"end":{"line":123,"column":56}},"123":{"start":{"line":124,"column":0},"end":{"line":124,"column":3}},"140":{"start":{"line":141,"column":0},"end":{"line":141,"column":69}},"141":{"start":{"line":142,"column":0},"end":{"line":142,"column":44}},"142":{"start":{"line":143,"column":0},"end":{"line":143,"column":3}},"149":{"start":{"line":150,"column":0},"end":{"line":150,"column":17}},"150":{"start":{"line":151,"column":0},"end":{"line":151,"column":24}},"151":{"start":{"line":152,"column":0},"end":{"line":152,"column":3}},"178":{"start":{"line":179,"column":0},"end":{"line":179,"column":83}},"179":{"start":{"line":180,"column":0},"end":{"line":180,"column":69}},"180":{"start":{"line":181,"column":0},"end":{"line":181,"column":17}},"181":{"start":{"line":182,"column":0},"end":{"line":182,"column":84}},"182":{"start":{"line":183,"column":0},"end":{"line":183,"column":5}},"184":{"start":{"line":185,"column":0},"end":{"line":185,"column":37}},"185":{"start":{"line":186,"column":0},"end":{"line":186,"column":51}},"186":{"start":{"line":187,"column":0},"end":{"line":187,"column":59}},"187":{"start":{"line":188,"column":0},"end":{"line":188,"column":13}},"188":{"start":{"line":189,"column":0},"end":{"line":189,"column":8}},"189":{"start":{"line":190,"column":0},"end":{"line":190,"column":24}},"190":{"start":{"line":191,"column":0},"end":{"line":191,"column":5}},"191":{"start":{"line":192,"column":0},"end":{"line":192,"column":3}},"209":{"start":{"line":210,"column":0},"end":{"line":210,"column":41}},"216":{"start":{"line":217,"column":0},"end":{"line":217,"column":5}},"217":{"start":{"line":218,"column":0},"end":{"line":218,"column":33}},"218":{"start":{"line":219,"column":0},"end":{"line":219,"column":44}},"219":{"start":{"line":220,"column":0},"end":{"line":220,"column":54}},"221":{"start":{"line":222,"column":0},"end":{"line":222,"column":30}},"222":{"start":{"line":223,"column":0},"end":{"line":223,"column":46}},"223":{"start":{"line":224,"column":0},"end":{"line":224,"column":5}},"225":{"start":{"line":226,"column":0},"end":{"line":226,"column":12}},"226":{"start":{"line":227,"column":0},"end":{"line":227,"column":28}},"227":{"start":{"line":228,"column":0},"end":{"line":228,"column":32}},"228":{"start":{"line":229,"column":0},"end":{"line":229,"column":26}},"229":{"start":{"line":230,"column":0},"end":{"line":230,"column":26}},"230":{"start":{"line":231,"column":0},"end":{"line":231,"column":75}},"231":{"start":{"line":232,"column":0},"end":{"line":232,"column":34}},"232":{"start":{"line":233,"column":0},"end":{"line":233,"column":6}},"233":{"start":{"line":234,"column":0},"end":{"line":234,"column":3}},"262":{"start":{"line":263,"column":0},"end":{"line":263,"column":42}},"263":{"start":{"line":264,"column":0},"end":{"line":264,"column":27}},"264":{"start":{"line":265,"column":0},"end":{"line":265,"column":20}},"265":{"start":{"line":266,"column":0},"end":{"line":266,"column":19}},"266":{"start":{"line":267,"column":0},"end":{"line":267,"column":35}},"267":{"start":{"line":268,"column":0},"end":{"line":268,"column":94}},"268":{"start":{"line":269,"column":0},"end":{"line":269,"column":60}},"269":{"start":{"line":270,"column":0},"end":{"line":270,"column":52}},"270":{"start":{"line":271,"column":0},"end":{"line":271,"column":3}},"279":{"start":{"line":280,"column":0},"end":{"line":280,"column":15}},"283":{"start":{"line":284,"column":0},"end":{"line":284,"column":5}},"284":{"start":{"line":285,"column":0},"end":{"line":285,"column":12}},"285":{"start":{"line":286,"column":0},"end":{"line":286,"column":22}},"286":{"start":{"line":287,"column":0},"end":{"line":287,"column":54}},"287":{"start":{"line":288,"column":0},"end":{"line":288,"column":21}},"288":{"start":{"line":289,"column":0},"end":{"line":289,"column":6}},"289":{"start":{"line":290,"column":0},"end":{"line":290,"column":3}},"298":{"start":{"line":299,"column":0},"end":{"line":299,"column":20}},"299":{"start":{"line":300,"column":0},"end":{"line":300,"column":43}},"300":{"start":{"line":301,"column":0},"end":{"line":301,"column":3}},"318":{"start":{"line":319,"column":0},"end":{"line":319,"column":17}},"323":{"start":{"line":324,"column":0},"end":{"line":324,"column":5}},"324":{"start":{"line":325,"column":0},"end":{"line":325,"column":44}},"325":{"start":{"line":326,"column":0},"end":{"line":326,"column":74}},"327":{"start":{"line":328,"column":0},"end":{"line":328,"column":39}},"328":{"start":{"line":329,"column":0},"end":{"line":329,"column":68}},"329":{"start":{"line":330,"column":0},"end":{"line":330,"column":31}},"330":{"start":{"line":331,"column":0},"end":{"line":331,"column":39}},"331":{"start":{"line":332,"column":0},"end":{"line":332,"column":39}},"332":{"start":{"line":333,"column":0},"end":{"line":333,"column":9}},"333":{"start":{"line":334,"column":0},"end":{"line":334,"column":39}},"334":{"start":{"line":335,"column":0},"end":{"line":335,"column":89}},"335":{"start":{"line":336,"column":0},"end":{"line":336,"column":9}},"336":{"start":{"line":337,"column":0},"end":{"line":337,"column":7}},"339":{"start":{"line":340,"column":0},"end":{"line":340,"column":53}},"340":{"start":{"line":341,"column":0},"end":{"line":341,"column":67}},"341":{"start":{"line":342,"column":0},"end":{"line":342,"column":72}},"342":{"start":{"line":343,"column":0},"end":{"line":343,"column":62}},"343":{"start":{"line":344,"column":0},"end":{"line":344,"column":45}},"344":{"start":{"line":345,"column":0},"end":{"line":345,"column":7}},"345":{"start":{"line":346,"column":0},"end":{"line":346,"column":7}},"347":{"start":{"line":348,"column":0},"end":{"line":348,"column":12}},"348":{"start":{"line":349,"column":0},"end":{"line":349,"column":22}},"349":{"start":{"line":350,"column":0},"end":{"line":350,"column":22}},"350":{"start":{"line":351,"column":0},"end":{"line":351,"column":47}},"351":{"start":{"line":352,"column":0},"end":{"line":352,"column":22}},"352":{"start":{"line":353,"column":0},"end":{"line":353,"column":6}},"353":{"start":{"line":354,"column":0},"end":{"line":354,"column":3}},"354":{"start":{"line":355,"column":0},"end":{"line":355,"column":1}}},"s":{"0":1,"2":1,"35":1,"40":1,"46":17,"53":17,"64":1,"65":17,"66":17,"67":17,"68":17,"77":1,"78":7,"79":7,"86":1,"87":14,"88":14,"96":1,"97":40,"98":1,"99":1,"100":39,"101":40,"109":1,"110":1,"111":1,"112":1,"113":1,"121":1,"122":1,"123":1,"140":1,"141":1,"142":1,"149":1,"150":1,"151":1,"178":1,"179":3,"180":3,"181":1,"182":1,"184":3,"185":15,"186":15,"187":15,"188":15,"189":15,"190":15,"191":3,"209":1,"216":2,"217":2,"218":2,"219":2,"221":2,"222":1,"223":1,"225":1,"226":1,"227":1,"228":1,"229":1,"230":2,"231":2,"232":2,"233":2,"262":1,"263":0,"264":0,"265":0,"266":0,"267":0,"268":0,"269":0,"270":0,"279":1,"283":2,"284":2,"285":2,"286":2,"287":2,"288":2,"289":2,"298":1,"299":1,"300":1,"318":1,"323":1,"324":1,"325":1,"327":1,"328":3,"329":12,"330":12,"331":4,"332":4,"333":12,"334":12,"335":3,"336":1,"339":1,"340":1,"341":4,"342":4,"343":3,"344":3,"345":1,"347":1,"348":1,"349":1,"350":1,"351":1,"352":1,"353":1,"354":1},"branchMap":{"0":{"type":"branch","line":41,"loc":{"start":{"line":41,"column":11},"end":{"line":54,"column":39}},"locations":[{"start":{"line":41,"column":11},"end":{"line":54,"column":39}}]},"1":{"type":"branch","line":65,"loc":{"start":{"line":65,"column":2},"end":{"line":69,"column":3}},"locations":[{"start":{"line":65,"column":2},"end":{"line":69,"column":3}}]},"2":{"type":"branch","line":68,"loc":{"start":{"line":68,"column":21},"end":{"line":68,"column":37}},"locations":[{"start":{"line":68,"column":21},"end":{"line":68,"column":37}}]},"3":{"type":"branch","line":78,"loc":{"start":{"line":78,"column":2},"end":{"line":80,"column":3}},"locations":[{"start":{"line":78,"column":2},"end":{"line":80,"column":3}}]},"4":{"type":"branch","line":87,"loc":{"start":{"line":87,"column":2},"end":{"line":89,"column":3}},"locations":[{"start":{"line":87,"column":2},"end":{"line":89,"column":3}}]},"5":{"type":"branch","line":97,"loc":{"start":{"line":97,"column":2},"end":{"line":102,"column":3}},"locations":[{"start":{"line":97,"column":2},"end":{"line":102,"column":3}}]},"6":{"type":"branch","line":98,"loc":{"start":{"line":98,"column":21},"end":{"line":98,"column":79}},"locations":[{"start":{"line":98,"column":21},"end":{"line":98,"column":79}}]},"7":{"type":"branch","line":98,"loc":{"start":{"line":98,"column":79},"end":{"line":100,"column":5}},"locations":[{"start":{"line":98,"column":79},"end":{"line":100,"column":5}}]},"8":{"type":"branch","line":100,"loc":{"start":{"line":100,"column":4},"end":{"line":101,"column":33}},"locations":[{"start":{"line":100,"column":4},"end":{"line":101,"column":33}}]},"9":{"type":"branch","line":110,"loc":{"start":{"line":110,"column":2},"end":{"line":114,"column":3}},"locations":[{"start":{"line":110,"column":2},"end":{"line":114,"column":3}}]},"10":{"type":"branch","line":112,"loc":{"start":{"line":112,"column":43},"end":{"line":112,"column":66}},"locations":[{"start":{"line":112,"column":43},"end":{"line":112,"column":66}}]},"11":{"type":"branch","line":122,"loc":{"start":{"line":122,"column":2},"end":{"line":124,"column":3}},"locations":[{"start":{"line":122,"column":2},"end":{"line":124,"column":3}}]},"12":{"type":"branch","line":123,"loc":{"start":{"line":123,"column":31},"end":{"line":123,"column":54}},"locations":[{"start":{"line":123,"column":31},"end":{"line":123,"column":54}}]},"13":{"type":"branch","line":141,"loc":{"start":{"line":141,"column":2},"end":{"line":143,"column":3}},"locations":[{"start":{"line":141,"column":2},"end":{"line":143,"column":3}}]},"14":{"type":"branch","line":150,"loc":{"start":{"line":150,"column":2},"end":{"line":152,"column":3}},"locations":[{"start":{"line":150,"column":2},"end":{"line":152,"column":3}}]},"15":{"type":"branch","line":179,"loc":{"start":{"line":179,"column":2},"end":{"line":192,"column":3}},"locations":[{"start":{"line":179,"column":2},"end":{"line":192,"column":3}}]},"16":{"type":"branch","line":180,"loc":{"start":{"line":180,"column":18},"end":{"line":180,"column":69}},"locations":[{"start":{"line":180,"column":18},"end":{"line":180,"column":69}}]},"17":{"type":"branch","line":181,"loc":{"start":{"line":181,"column":16},"end":{"line":183,"column":5}},"locations":[{"start":{"line":181,"column":16},"end":{"line":183,"column":5}}]},"18":{"type":"branch","line":183,"loc":{"start":{"line":183,"column":4},"end":{"line":185,"column":36}},"locations":[{"start":{"line":183,"column":4},"end":{"line":185,"column":36}}]},"19":{"type":"branch","line":185,"loc":{"start":{"line":185,"column":36},"end":{"line":191,"column":5}},"locations":[{"start":{"line":185,"column":36},"end":{"line":191,"column":5}}]},"20":{"type":"branch","line":191,"loc":{"start":{"line":191,"column":4},"end":{"line":191,"column":5}},"locations":[{"start":{"line":191,"column":4},"end":{"line":191,"column":5}}]},"21":{"type":"branch","line":210,"loc":{"start":{"line":210,"column":2},"end":{"line":234,"column":3}},"locations":[{"start":{"line":210,"column":2},"end":{"line":234,"column":3}}]},"22":{"type":"branch","line":222,"loc":{"start":{"line":222,"column":29},"end":{"line":231,"column":65}},"locations":[{"start":{"line":222,"column":29},"end":{"line":231,"column":65}}]},"23":{"type":"branch","line":231,"loc":{"start":{"line":231,"column":61},"end":{"line":231,"column":75}},"locations":[{"start":{"line":231,"column":61},"end":{"line":231,"column":75}}]},"24":{"type":"branch","line":219,"loc":{"start":{"line":219,"column":11},"end":{"line":219,"column":43}},"locations":[{"start":{"line":219,"column":11},"end":{"line":219,"column":43}}]},"25":{"type":"branch","line":220,"loc":{"start":{"line":220,"column":14},"end":{"line":220,"column":40}},"locations":[{"start":{"line":220,"column":14},"end":{"line":220,"column":40}}]},"26":{"type":"branch","line":280,"loc":{"start":{"line":280,"column":2},"end":{"line":290,"column":3}},"locations":[{"start":{"line":280,"column":2},"end":{"line":290,"column":3}}]},"27":{"type":"branch","line":287,"loc":{"start":{"line":287,"column":35},"end":{"line":287,"column":52}},"locations":[{"start":{"line":287,"column":35},"end":{"line":287,"column":52}}]},"28":{"type":"branch","line":299,"loc":{"start":{"line":299,"column":2},"end":{"line":301,"column":3}},"locations":[{"start":{"line":299,"column":2},"end":{"line":301,"column":3}}]},"29":{"type":"branch","line":319,"loc":{"start":{"line":319,"column":2},"end":{"line":354,"column":3}},"locations":[{"start":{"line":319,"column":2},"end":{"line":354,"column":3}}]},"30":{"type":"branch","line":328,"loc":{"start":{"line":328,"column":27},"end":{"line":337,"column":5}},"locations":[{"start":{"line":328,"column":27},"end":{"line":337,"column":5}}]},"31":{"type":"branch","line":329,"loc":{"start":{"line":329,"column":49},"end":{"line":336,"column":7}},"locations":[{"start":{"line":329,"column":49},"end":{"line":336,"column":7}}]},"32":{"type":"branch","line":331,"loc":{"start":{"line":331,"column":38},"end":{"line":333,"column":9}},"locations":[{"start":{"line":331,"column":38},"end":{"line":333,"column":9}}]},"33":{"type":"branch","line":335,"loc":{"start":{"line":335,"column":77},"end":{"line":335,"column":87}},"locations":[{"start":{"line":335,"column":77},"end":{"line":335,"column":87}}]},"34":{"type":"branch","line":341,"loc":{"start":{"line":341,"column":47},"end":{"line":346,"column":5}},"locations":[{"start":{"line":341,"column":47},"end":{"line":346,"column":5}}]},"35":{"type":"branch","line":343,"loc":{"start":{"line":343,"column":61},"end":{"line":345,"column":7}},"locations":[{"start":{"line":343,"column":61},"end":{"line":345,"column":7}}]},"36":{"type":"branch","line":342,"loc":{"start":{"line":342,"column":49},"end":{"line":342,"column":70}},"locations":[{"start":{"line":342,"column":49},"end":{"line":342,"column":70}}]}},"b":{"0":[17],"1":[17],"2":[2],"3":[7],"4":[14],"5":[40],"6":[3],"7":[1],"8":[39],"9":[1],"10":[2],"11":[1],"12":[1],"13":[1],"14":[1],"15":[3],"16":[2],"17":[1],"18":[2],"19":[15],"20":[2],"21":[2],"22":[1],"23":[0],"24":[4],"25":[4],"26":[2],"27":[2],"28":[1],"29":[1],"30":[3],"31":[12],"32":[4],"33":[7],"34":[4],"35":[3],"36":[3]},"fnMap":{"0":{"name":"<instance_members_initializer>","decl":{"start":{"line":41,"column":11},"end":{"line":54,"column":39}},"loc":{"start":{"line":41,"column":11},"end":{"line":54,"column":39}},"line":41},"1":{"name":"PersonaGroup","decl":{"start":{"line":65,"column":2},"end":{"line":69,"column":3}},"loc":{"start":{"line":65,"column":2},"end":{"line":69,"column":3}},"line":65},"2":{"name":"get personas","decl":{"start":{"line":78,"column":2},"end":{"line":80,"column":3}},"loc":{"start":{"line":78,"column":2},"end":{"line":80,"column":3}},"line":78},"3":{"name":"get size","decl":{"start":{"line":87,"column":2},"end":{"line":89,"column":3}},"loc":{"start":{"line":87,"column":2},"end":{"line":89,"column":3}},"line":87},"4":{"name":"add","decl":{"start":{"line":97,"column":2},"end":{"line":102,"column":3}},"loc":{"start":{"line":97,"column":2},"end":{"line":102,"column":3}},"line":97},"5":{"name":"remove","decl":{"start":{"line":110,"column":2},"end":{"line":114,"column":3}},"loc":{"start":{"line":110,"column":2},"end":{"line":114,"column":3}},"line":110},"6":{"name":"find","decl":{"start":{"line":122,"column":2},"end":{"line":124,"column":3}},"loc":{"start":{"line":122,"column":2},"end":{"line":124,"column":3}},"line":122},"7":{"name":"filter","decl":{"start":{"line":141,"column":2},"end":{"line":143,"column":3}},"loc":{"start":{"line":141,"column":2},"end":{"line":143,"column":3}},"line":141},"8":{"name":"clear","decl":{"start":{"line":150,"column":2},"end":{"line":152,"column":3}},"loc":{"start":{"line":150,"column":2},"end":{"line":152,"column":3}},"line":150},"9":{"name":"generateFromDistributions","decl":{"start":{"line":179,"column":2},"end":{"line":192,"column":3}},"loc":{"start":{"line":179,"column":2},"end":{"line":192,"column":3}},"line":179},"10":{"name":"getStatistics","decl":{"start":{"line":210,"column":2},"end":{"line":234,"column":3}},"loc":{"start":{"line":210,"column":2},"end":{"line":234,"column":3}},"line":210},"11":{"name":"generateStructuredOutput","decl":{"start":{"line":263,"column":2},"end":{"line":271,"column":3}},"loc":{"start":{"line":263,"column":2},"end":{"line":271,"column":3}},"line":263},"12":{"name":"toObject","decl":{"start":{"line":280,"column":2},"end":{"line":290,"column":3}},"loc":{"start":{"line":280,"column":2},"end":{"line":290,"column":3}},"line":280},"13":{"name":"toJSON","decl":{"start":{"line":299,"column":2},"end":{"line":301,"column":3}},"loc":{"start":{"line":299,"column":2},"end":{"line":301,"column":3}},"line":299},"14":{"name":"getSummary","decl":{"start":{"line":319,"column":2},"end":{"line":354,"column":3}},"loc":{"start":{"line":319,"column":2},"end":{"line":354,"column":3}},"line":319}},"f":{"0":17,"1":17,"2":7,"3":14,"4":40,"5":1,"6":1,"7":1,"8":1,"9":3,"10":2,"11":0,"12":2,"13":1,"14":1}}
,"/Users/jamesaphoenix/Desktop/projects/just_understanding_data/open-person/packages/persona-sdk/src/persona.ts": {"path":"/Users/jamesaphoenix/Desktop/projects/just_understanding_data/open-person/packages/persona-sdk/src/persona.ts","all":false,"statementMap":{"0":{"start":{"line":1,"column":0},"end":{"line":1,"column":9}},"8":{"start":{"line":9,"column":0},"end":{"line":9,"column":24}},"37":{"start":{"line":38,"column":0},"end":{"line":38,"column":71}},"42":{"start":{"line":43,"column":0},"end":{"line":43,"column":22}},"48":{"start":{"line":49,"column":0},"end":{"line":49,"column":24}},"55":{"start":{"line":56,"column":0},"end":{"line":56,"column":25}},"57":{"start":{"line":58,"column":0},"end":{"line":58,"column":44}},"58":{"start":{"line":59,"column":0},"end":{"line":59,"column":32}},"59":{"start":{"line":60,"column":0},"end":{"line":60,"column":21}},"62":{"start":{"line":63,"column":0},"end":{"line":63,"column":65}},"63":{"start":{"line":64,"column":0},"end":{"line":64,"column":41}},"64":{"start":{"line":65,"column":0},"end":{"line":65,"column":5}},"65":{"start":{"line":66,"column":0},"end":{"line":66,"column":79}},"66":{"start":{"line":67,"column":0},"end":{"line":67,"column":48}},"67":{"start":{"line":68,"column":0},"end":{"line":68,"column":5}},"68":{"start":{"line":69,"column":0},"end":{"line":69,"column":65}},"69":{"start":{"line":70,"column":0},"end":{"line":70,"column":41}},"70":{"start":{"line":71,"column":0},"end":{"line":71,"column":5}},"73":{"start":{"line":74,"column":0},"end":{"line":74,"column":55}},"74":{"start":{"line":75,"column":0},"end":{"line":75,"column":61}},"75":{"start":{"line":76,"column":0},"end":{"line":76,"column":82}},"76":{"start":{"line":77,"column":0},"end":{"line":77,"column":5}},"79":{"start":{"line":80,"column":0},"end":{"line":80,"column":9}},"80":{"start":{"line":81,"column":0},"end":{"line":81,"column":48}},"81":{"start":{"line":82,"column":0},"end":{"line":82,"column":74}},"82":{"start":{"line":83,"column":0},"end":{"line":83,"column":21}},"83":{"start":{"line":84,"column":0},"end":{"line":84,"column":40}},"84":{"start":{"line":85,"column":0},"end":{"line":85,"column":102}},"85":{"start":{"line":86,"column":0},"end":{"line":86,"column":7}},"86":{"start":{"line":87,"column":0},"end":{"line":87,"column":18}},"87":{"start":{"line":88,"column":0},"end":{"line":88,"column":5}},"88":{"start":{"line":89,"column":0},"end":{"line":89,"column":3}},"115":{"start":{"line":116,"column":0},"end":{"line":116,"column":76}},"116":{"start":{"line":117,"column":0},"end":{"line":117,"column":18}},"117":{"start":{"line":118,"column":0},"end":{"line":118,"column":34}},"118":{"start":{"line":119,"column":0},"end":{"line":119,"column":17}},"119":{"start":{"line":120,"column":0},"end":{"line":120,"column":58}},"122":{"start":{"line":123,"column":0},"end":{"line":123,"column":56}},"123":{"start":{"line":124,"column":0},"end":{"line":124,"column":41}},"124":{"start":{"line":125,"column":0},"end":{"line":125,"column":38}},"125":{"start":{"line":126,"column":0},"end":{"line":126,"column":80}},"126":{"start":{"line":127,"column":0},"end":{"line":127,"column":7}},"127":{"start":{"line":128,"column":0},"end":{"line":128,"column":5}},"129":{"start":{"line":130,"column":0},"end":{"line":130,"column":62}},"130":{"start":{"line":131,"column":0},"end":{"line":131,"column":38}},"131":{"start":{"line":132,"column":0},"end":{"line":132,"column":34}},"133":{"start":{"line":134,"column":0},"end":{"line":134,"column":57}},"134":{"start":{"line":135,"column":0},"end":{"line":135,"column":36}},"135":{"start":{"line":136,"column":0},"end":{"line":136,"column":9}},"136":{"start":{"line":137,"column":0},"end":{"line":137,"column":32}},"137":{"start":{"line":138,"column":0},"end":{"line":138,"column":14}},"138":{"start":{"line":139,"column":0},"end":{"line":139,"column":31}},"139":{"start":{"line":140,"column":0},"end":{"line":140,"column":7}},"140":{"start":{"line":141,"column":0},"end":{"line":141,"column":5}},"142":{"start":{"line":143,"column":0},"end":{"line":143,"column":46}},"143":{"start":{"line":144,"column":0},"end":{"line":144,"column":3}},"170":{"start":{"line":171,"column":0},"end":{"line":171,"column":71}},"171":{"start":{"line":172,"column":0},"end":{"line":172,"column":22}},"172":{"start":{"line":173,"column":0},"end":{"line":173,"column":19}},"173":{"start":{"line":174,"column":0},"end":{"line":174,"column":34}},"174":{"start":{"line":175,"column":0},"end":{"line":175,"column":19}},"175":{"start":{"line":176,"column":0},"end":{"line":176,"column":38}},"176":{"start":{"line":177,"column":0},"end":{"line":177,"column":37}},"177":{"start":{"line":178,"column":0},"end":{"line":178,"column":86}},"178":{"start":{"line":179,"column":0},"end":{"line":179,"column":5}},"179":{"start":{"line":180,"column":0},"end":{"line":180,"column":20}},"180":{"start":{"line":181,"column":0},"end":{"line":181,"column":3}},"190":{"start":{"line":191,"column":0},"end":{"line":191,"column":47}},"191":{"start":{"line":192,"column":0},"end":{"line":192,"column":30}},"192":{"start":{"line":193,"column":0},"end":{"line":193,"column":14}},"193":{"start":{"line":194,"column":0},"end":{"line":194,"column":28}},"194":{"start":{"line":195,"column":0},"end":{"line":195,"column":18}},"195":{"start":{"line":196,"column":0},"end":{"line":196,"column":7}},"196":{"start":{"line":197,"column":0},"end":{"line":197,"column":3}},"204":{"start":{"line":205,"column":0},"end":{"line":205,"column":68}},"205":{"start":{"line":206,"column":0},"end":{"line":206,"column":91}},"206":{"start":{"line":207,"column":0},"end":{"line":207,"column":3}},"215":{"start":{"line":216,"column":0},"end":{"line":216,"column":23}},"216":{"start":{"line":217,"column":0},"end":{"line":217,"column":35}},"217":{"start":{"line":218,"column":0},"end":{"line":218,"column":3}},"226":{"start":{"line":227,"column":0},"end":{"line":227,"column":47}},"227":{"start":{"line":228,"column":0},"end":{"line":228,"column":12}},"228":{"start":{"line":229,"column":0},"end":{"line":229,"column":32}},"229":{"start":{"line":230,"column":0},"end":{"line":230,"column":46}},"230":{"start":{"line":231,"column":0},"end":{"line":231,"column":62}},"231":{"start":{"line":232,"column":0},"end":{"line":232,"column":6}},"232":{"start":{"line":233,"column":0},"end":{"line":233,"column":3}},"250":{"start":{"line":251,"column":0},"end":{"line":251,"column":47}},"251":{"start":{"line":252,"column":0},"end":{"line":252,"column":62}},"254":{"start":{"line":255,"column":0},"end":{"line":255,"column":9}},"255":{"start":{"line":256,"column":0},"end":{"line":256,"column":51}},"258":{"start":{"line":259,"column":0},"end":{"line":259,"column":57}},"259":{"start":{"line":260,"column":0},"end":{"line":260,"column":34}},"260":{"start":{"line":261,"column":0},"end":{"line":261,"column":49}},"261":{"start":{"line":262,"column":0},"end":{"line":262,"column":9}},"262":{"start":{"line":263,"column":0},"end":{"line":263,"column":9}},"263":{"start":{"line":264,"column":0},"end":{"line":264,"column":21}},"264":{"start":{"line":265,"column":0},"end":{"line":265,"column":40}},"265":{"start":{"line":266,"column":0},"end":{"line":266,"column":100}},"266":{"start":{"line":267,"column":0},"end":{"line":267,"column":7}},"267":{"start":{"line":268,"column":0},"end":{"line":268,"column":18}},"268":{"start":{"line":269,"column":0},"end":{"line":269,"column":5}},"269":{"start":{"line":270,"column":0},"end":{"line":270,"column":3}},"279":{"start":{"line":280,"column":0},"end":{"line":280,"column":23}},"280":{"start":{"line":281,"column":0},"end":{"line":281,"column":51}},"281":{"start":{"line":282,"column":0},"end":{"line":282,"column":3}},"290":{"start":{"line":291,"column":0},"end":{"line":291,"column":59}},"291":{"start":{"line":292,"column":0},"end":{"line":292,"column":12}},"292":{"start":{"line":293,"column":0},"end":{"line":293,"column":18}},"293":{"start":{"line":294,"column":0},"end":{"line":294,"column":22}},"294":{"start":{"line":295,"column":0},"end":{"line":295,"column":33}},"295":{"start":{"line":296,"column":0},"end":{"line":296,"column":6}},"296":{"start":{"line":297,"column":0},"end":{"line":297,"column":3}},"305":{"start":{"line":306,"column":0},"end":{"line":306,"column":20}},"306":{"start":{"line":307,"column":0},"end":{"line":307,"column":43}},"307":{"start":{"line":308,"column":0},"end":{"line":308,"column":3}},"314":{"start":{"line":315,"column":0},"end":{"line":315,"column":32}},"315":{"start":{"line":316,"column":0},"end":{"line":316,"column":78}},"316":{"start":{"line":317,"column":0},"end":{"line":317,"column":3}},"331":{"start":{"line":332,"column":0},"end":{"line":332,"column":24}},"332":{"start":{"line":333,"column":0},"end":{"line":333,"column":57}},"333":{"start":{"line":334,"column":0},"end":{"line":334,"column":65}},"334":{"start":{"line":335,"column":0},"end":{"line":335,"column":3}},"335":{"start":{"line":336,"column":0},"end":{"line":336,"column":1}}},"s":{"0":1,"8":1,"37":1,"42":1,"48":69,"55":69,"57":1,"58":69,"59":69,"62":69,"63":1,"64":1,"65":69,"66":1,"67":1,"68":69,"69":1,"70":1,"73":66,"74":69,"75":1,"76":1,"79":65,"80":65,"81":65,"82":69,"83":0,"84":0,"85":0,"86":0,"87":0,"88":69,"115":1,"116":27,"117":27,"118":27,"119":27,"122":27,"123":27,"124":80,"125":1,"126":1,"127":80,"129":27,"130":103,"131":56,"133":56,"134":25,"135":25,"136":56,"137":103,"138":47,"139":47,"140":103,"142":26,"143":27,"170":1,"171":0,"172":0,"173":0,"174":0,"175":0,"176":0,"177":0,"178":0,"179":0,"180":0,"190":1,"191":0,"192":0,"193":0,"194":0,"195":0,"196":0,"204":1,"205":103,"206":103,"215":1,"216":135,"217":135,"226":1,"227":1,"228":1,"229":1,"230":1,"231":1,"232":1,"250":1,"251":2,"254":2,"255":2,"258":2,"259":3,"260":3,"261":3,"262":2,"263":2,"264":0,"265":0,"266":0,"267":0,"268":0,"269":2,"279":1,"280":1,"281":1,"290":1,"291":4,"292":4,"293":4,"294":4,"295":4,"296":4,"305":1,"306":1,"307":1,"314":1,"315":69,"316":69,"331":1,"332":1,"333":1,"334":1,"335":1},"branchMap":{"0":{"type":"branch","line":43,"loc":{"start":{"line":43,"column":11},"end":{"line":56,"column":25}},"locations":[{"start":{"line":43,"column":11},"end":{"line":56,"column":25}}]},"1":{"type":"branch","line":58,"loc":{"start":{"line":58,"column":2},"end":{"line":89,"column":3}},"locations":[{"start":{"line":58,"column":2},"end":{"line":89,"column":3}}]},"2":{"type":"branch","line":63,"loc":{"start":{"line":63,"column":19},"end":{"line":63,"column":64}},"locations":[{"start":{"line":63,"column":19},"end":{"line":63,"column":64}}]},"3":{"type":"branch","line":63,"loc":{"start":{"line":63,"column":64},"end":{"line":65,"column":5}},"locations":[{"start":{"line":63,"column":64},"end":{"line":65,"column":5}}]},"4":{"type":"branch","line":65,"loc":{"start":{"line":65,"column":4},"end":{"line":66,"column":41}},"locations":[{"start":{"line":65,"column":4},"end":{"line":66,"column":41}}]},"5":{"type":"branch","line":66,"loc":{"start":{"line":66,"column":26},"end":{"line":66,"column":78}},"locations":[{"start":{"line":66,"column":26},"end":{"line":66,"column":78}}]},"6":{"type":"branch","line":66,"loc":{"start":{"line":66,"column":78},"end":{"line":68,"column":5}},"locations":[{"start":{"line":66,"column":78},"end":{"line":68,"column":5}}]},"7":{"type":"branch","line":68,"loc":{"start":{"line":68,"column":4},"end":{"line":69,"column":34}},"locations":[{"start":{"line":68,"column":4},"end":{"line":69,"column":34}}]},"8":{"type":"branch","line":69,"loc":{"start":{"line":69,"column":19},"end":{"line":69,"column":64}},"locations":[{"start":{"line":69,"column":19},"end":{"line":69,"column":64}}]},"9":{"type":"branch","line":69,"loc":{"start":{"line":69,"column":64},"end":{"line":71,"column":5}},"locations":[{"start":{"line":69,"column":64},"end":{"line":71,"column":5}}]},"10":{"type":"branch","line":71,"loc":{"start":{"line":71,"column":4},"end":{"line":75,"column":60}},"locations":[{"start":{"line":71,"column":4},"end":{"line":75,"column":60}}]},"11":{"type":"branch","line":75,"loc":{"start":{"line":75,"column":60},"end":{"line":77,"column":5}},"locations":[{"start":{"line":75,"column":60},"end":{"line":77,"column":5}}]},"12":{"type":"branch","line":77,"loc":{"start":{"line":77,"column":4},"end":{"line":83,"column":13}},"locations":[{"start":{"line":77,"column":4},"end":{"line":83,"column":13}}]},"13":{"type":"branch","line":83,"loc":{"start":{"line":83,"column":4},"end":{"line":88,"column":5}},"locations":[{"start":{"line":83,"column":4},"end":{"line":88,"column":5}}]},"14":{"type":"branch","line":116,"loc":{"start":{"line":116,"column":9},"end":{"line":144,"column":3}},"locations":[{"start":{"line":116,"column":9},"end":{"line":144,"column":3}}]},"15":{"type":"branch","line":124,"loc":{"start":{"line":124,"column":40},"end":{"line":128,"column":5}},"locations":[{"start":{"line":124,"column":40},"end":{"line":128,"column":5}}]},"16":{"type":"branch","line":125,"loc":{"start":{"line":125,"column":37},"end":{"line":127,"column":7}},"locations":[{"start":{"line":125,"column":37},"end":{"line":127,"column":7}}]},"17":{"type":"branch","line":128,"loc":{"start":{"line":128,"column":4},"end":{"line":130,"column":61}},"locations":[{"start":{"line":128,"column":4},"end":{"line":130,"column":61}}]},"18":{"type":"branch","line":130,"loc":{"start":{"line":130,"column":61},"end":{"line":141,"column":5}},"locations":[{"start":{"line":130,"column":61},"end":{"line":141,"column":5}}]},"19":{"type":"branch","line":131,"loc":{"start":{"line":131,"column":37},"end":{"line":138,"column":13}},"locations":[{"start":{"line":131,"column":37},"end":{"line":138,"column":13}}]},"20":{"type":"branch","line":134,"loc":{"start":{"line":134,"column":20},"end":{"line":134,"column":56}},"locations":[{"start":{"line":134,"column":20},"end":{"line":134,"column":56}}]},"21":{"type":"branch","line":134,"loc":{"start":{"line":134,"column":56},"end":{"line":136,"column":9}},"locations":[{"start":{"line":134,"column":56},"end":{"line":136,"column":9}}]},"22":{"type":"branch","line":138,"loc":{"start":{"line":138,"column":6},"end":{"line":140,"column":7}},"locations":[{"start":{"line":138,"column":6},"end":{"line":140,"column":7}}]},"23":{"type":"branch","line":141,"loc":{"start":{"line":141,"column":4},"end":{"line":143,"column":46}},"locations":[{"start":{"line":141,"column":4},"end":{"line":143,"column":46}}]},"24":{"type":"branch","line":205,"loc":{"start":{"line":205,"column":17},"end":{"line":207,"column":3}},"locations":[{"start":{"line":205,"column":17},"end":{"line":207,"column":3}}]},"25":{"type":"branch","line":206,"loc":{"start":{"line":206,"column":44},"end":{"line":206,"column":91}},"locations":[{"start":{"line":206,"column":44},"end":{"line":206,"column":91}}]},"26":{"type":"branch","line":216,"loc":{"start":{"line":216,"column":2},"end":{"line":218,"column":3}},"locations":[{"start":{"line":216,"column":2},"end":{"line":218,"column":3}}]},"27":{"type":"branch","line":227,"loc":{"start":{"line":227,"column":2},"end":{"line":233,"column":3}},"locations":[{"start":{"line":227,"column":2},"end":{"line":233,"column":3}}]},"28":{"type":"branch","line":251,"loc":{"start":{"line":251,"column":2},"end":{"line":270,"column":3}},"locations":[{"start":{"line":251,"column":2},"end":{"line":270,"column":3}}]},"29":{"type":"branch","line":264,"loc":{"start":{"line":264,"column":4},"end":{"line":269,"column":5}},"locations":[{"start":{"line":264,"column":4},"end":{"line":269,"column":5}}]},"30":{"type":"branch","line":259,"loc":{"start":{"line":259,"column":38},"end":{"line":263,"column":7}},"locations":[{"start":{"line":259,"column":38},"end":{"line":263,"column":7}}]},"31":{"type":"branch","line":280,"loc":{"start":{"line":280,"column":2},"end":{"line":282,"column":3}},"locations":[{"start":{"line":280,"column":2},"end":{"line":282,"column":3}}]},"32":{"type":"branch","line":291,"loc":{"start":{"line":291,"column":2},"end":{"line":297,"column":3}},"locations":[{"start":{"line":291,"column":2},"end":{"line":297,"column":3}}]},"33":{"type":"branch","line":306,"loc":{"start":{"line":306,"column":2},"end":{"line":308,"column":3}},"locations":[{"start":{"line":306,"column":2},"end":{"line":308,"column":3}}]},"34":{"type":"branch","line":315,"loc":{"start":{"line":315,"column":10},"end":{"line":317,"column":3}},"locations":[{"start":{"line":315,"column":10},"end":{"line":317,"column":3}}]},"35":{"type":"branch","line":332,"loc":{"start":{"line":332,"column":2},"end":{"line":335,"column":3}},"locations":[{"start":{"line":332,"column":2},"end":{"line":335,"column":3}}]}},"b":{"0":[69],"1":[69],"2":[68],"3":[1],"4":[68],"5":[67],"6":[1],"7":[67],"8":[66],"9":[1],"10":[66],"11":[1],"12":[65],"13":[0],"14":[27],"15":[80],"16":[1],"17":[26],"18":[103],"19":[56],"20":[25],"21":[25],"22":[47],"23":[26],"24":[103],"25":[56],"26":[135],"27":[1],"28":[2],"29":[0],"30":[3],"31":[1],"32":[4],"33":[1],"34":[69],"35":[1]},"fnMap":{"0":{"name":"<instance_members_initializer>","decl":{"start":{"line":43,"column":11},"end":{"line":56,"column":25}},"loc":{"start":{"line":43,"column":11},"end":{"line":56,"column":25}},"line":43},"1":{"name":"Persona","decl":{"start":{"line":58,"column":2},"end":{"line":89,"column":3}},"loc":{"start":{"line":58,"column":2},"end":{"line":89,"column":3}},"line":58},"2":{"name":"fromDistributions","decl":{"start":{"line":116,"column":9},"end":{"line":144,"column":3}},"loc":{"start":{"line":116,"column":9},"end":{"line":144,"column":3}},"line":116},"3":{"name":"generateMany","decl":{"start":{"line":171,"column":9},"end":{"line":181,"column":3}},"loc":{"start":{"line":171,"column":9},"end":{"line":181,"column":3}},"line":171},"4":{"name":"createDefault","decl":{"start":{"line":191,"column":9},"end":{"line":197,"column":3}},"loc":{"start":{"line":191,"column":9},"end":{"line":197,"column":3}},"line":191},"5":{"name":"isDistribution","decl":{"start":{"line":205,"column":17},"end":{"line":207,"column":3}},"loc":{"start":{"line":205,"column":17},"end":{"line":207,"column":3}},"line":205},"6":{"name":"get attributes","decl":{"start":{"line":216,"column":2},"end":{"line":218,"column":3}},"loc":{"start":{"line":216,"column":2},"end":{"line":218,"column":3}},"line":216},"7":{"name":"get baseAttributes","decl":{"start":{"line":227,"column":2},"end":{"line":233,"column":3}},"loc":{"start":{"line":227,"column":2},"end":{"line":233,"column":3}},"line":227},"8":{"name":"updateAttributes","decl":{"start":{"line":251,"column":2},"end":{"line":270,"column":3}},"loc":{"start":{"line":251,"column":2},"end":{"line":270,"column":3}},"line":251},"9":{"name":"clone","decl":{"start":{"line":280,"column":2},"end":{"line":282,"column":3}},"loc":{"start":{"line":280,"column":2},"end":{"line":282,"column":3}},"line":280},"10":{"name":"toObject","decl":{"start":{"line":291,"column":2},"end":{"line":297,"column":3}},"loc":{"start":{"line":291,"column":2},"end":{"line":297,"column":3}},"line":291},"11":{"name":"toJSON","decl":{"start":{"line":306,"column":2},"end":{"line":308,"column":3}},"loc":{"start":{"line":306,"column":2},"end":{"line":308,"column":3}},"line":306},"12":{"name":"generateId","decl":{"start":{"line":315,"column":10},"end":{"line":317,"column":3}},"loc":{"start":{"line":315,"column":10},"end":{"line":317,"column":3}},"line":315},"13":{"name":"getSummary","decl":{"start":{"line":332,"column":2},"end":{"line":335,"column":3}},"loc":{"start":{"line":332,"column":2},"end":{"line":335,"column":3}},"line":332}},"f":{"0":69,"1":69,"2":27,"3":0,"4":0,"5":103,"6":135,"7":1,"8":2,"9":1,"10":4,"11":1,"12":69,"13":1}}
,"/Users/jamesaphoenix/Desktop/projects/just_understanding_data/open-person/packages/persona-sdk/src/distributions/base.ts": {"path":"/Users/jamesaphoenix/Desktop/projects/just_understanding_data/open-person/packages/persona-sdk/src/distributions/base.ts","all":false,"statementMap":{"0":{"start":{"line":1,"column":0},"end":{"line":1,"column":57}},"6":{"start":{"line":7,"column":0},"end":{"line":7,"column":79}},"7":{"start":{"line":8,"column":0},"end":{"line":8,"column":27}},"9":{"start":{"line":10,"column":0},"end":{"line":10,"column":30}},"10":{"start":{"line":11,"column":0},"end":{"line":11,"column":38}},"11":{"start":{"line":12,"column":0},"end":{"line":12,"column":39}},"12":{"start":{"line":13,"column":0},"end":{"line":13,"column":40}},"13":{"start":{"line":14,"column":0},"end":{"line":14,"column":37}},"14":{"start":{"line":15,"column":0},"end":{"line":15,"column":3}},"19":{"start":{"line":20,"column":0},"end":{"line":20,"column":1}}},"s":{"0":1,"6":1,"7":1,"9":1,"10":19,"11":0,"12":19,"13":19,"14":19,"19":1},"branchMap":{"0":{"type":"branch","line":8,"loc":{"start":{"line":8,"column":12},"end":{"line":8,"column":27}},"locations":[{"start":{"line":8,"column":12},"end":{"line":8,"column":27}}]},"1":{"type":"branch","line":10,"loc":{"start":{"line":10,"column":2},"end":{"line":15,"column":3}},"locations":[{"start":{"line":10,"column":2},"end":{"line":15,"column":3}}]},"2":{"type":"branch","line":11,"loc":{"start":{"line":11,"column":28},"end":{"line":12,"column":39}},"locations":[{"start":{"line":11,"column":28},"end":{"line":12,"column":39}}]}},"b":{"0":[19],"1":[19],"2":[0]},"fnMap":{"0":{"name":"<instance_members_initializer>","decl":{"start":{"line":8,"column":12},"end":{"line":8,"column":27}},"loc":{"start":{"line":8,"column":12},"end":{"line":8,"column":27}},"line":8},"1":{"name":"BaseDistribution","decl":{"start":{"line":10,"column":2},"end":{"line":15,"column":3}},"loc":{"start":{"line":10,"column":2},"end":{"line":15,"column":3}},"line":10}},"f":{"0":19,"1":19}}
,"/Users/jamesaphoenix/Desktop/projects/just_understanding_data/open-person/packages/persona-sdk/src/distributions/beta.ts": {"path":"/Users/jamesaphoenix/Desktop/projects/just_understanding_data/open-person/packages/persona-sdk/src/distributions/beta.ts","all":false,"statementMap":{"0":{"start":{"line":1,"column":0},"end":{"line":1,"column":42}},"5":{"start":{"line":6,"column":0},"end":{"line":6,"column":64}},"6":{"start":{"line":7,"column":0},"end":{"line":7,"column":14}},"10":{"start":{"line":11,"column":0},"end":{"line":11,"column":35}},"14":{"start":{"line":15,"column":0},"end":{"line":15,"column":34}},"18":{"start":{"line":19,"column":0},"end":{"line":19,"column":17}},"19":{"start":{"line":20,"column":0},"end":{"line":20,"column":5}},"20":{"start":{"line":21,"column":0},"end":{"line":21,"column":16}},"21":{"start":{"line":22,"column":0},"end":{"line":22,"column":34}},"22":{"start":{"line":23,"column":0},"end":{"line":23,"column":57}},"23":{"start":{"line":24,"column":0},"end":{"line":24,"column":5}},"24":{"start":{"line":25,"column":0},"end":{"line":25,"column":3}},"30":{"start":{"line":31,"column":0},"end":{"line":31,"column":20}},"33":{"start":{"line":34,"column":0},"end":{"line":34,"column":43}},"34":{"start":{"line":35,"column":0},"end":{"line":35,"column":42}},"35":{"start":{"line":36,"column":0},"end":{"line":36,"column":23}},"36":{"start":{"line":37,"column":0},"end":{"line":37,"column":3}},"41":{"start":{"line":42,"column":0},"end":{"line":42,"column":46}},"43":{"start":{"line":44,"column":0},"end":{"line":44,"column":21}},"44":{"start":{"line":45,"column":0},"end":{"line":45,"column":28}},"45":{"start":{"line":46,"column":0},"end":{"line":46,"column":35}},"47":{"start":{"line":48,"column":0},"end":{"line":48,"column":20}},"48":{"start":{"line":49,"column":0},"end":{"line":49,"column":64}},"49":{"start":{"line":50,"column":0},"end":{"line":50,"column":41}},"51":{"start":{"line":52,"column":0},"end":{"line":52,"column":20}},"52":{"start":{"line":53,"column":0},"end":{"line":53,"column":43}},"53":{"start":{"line":54,"column":0},"end":{"line":54,"column":47}},"54":{"start":{"line":55,"column":0},"end":{"line":55,"column":25}},"55":{"start":{"line":56,"column":0},"end":{"line":56,"column":11}},"56":{"start":{"line":57,"column":0},"end":{"line":57,"column":9}},"57":{"start":{"line":58,"column":0},"end":{"line":58,"column":7}},"58":{"start":{"line":59,"column":0},"end":{"line":59,"column":12}},"60":{"start":{"line":61,"column":0},"end":{"line":61,"column":85}},"61":{"start":{"line":62,"column":0},"end":{"line":62,"column":5}},"62":{"start":{"line":63,"column":0},"end":{"line":63,"column":3}},"67":{"start":{"line":68,"column":0},"end":{"line":68,"column":18}},"68":{"start":{"line":69,"column":0},"end":{"line":69,"column":49}},"69":{"start":{"line":70,"column":0},"end":{"line":70,"column":3}},"74":{"start":{"line":75,"column":0},"end":{"line":75,"column":22}},"75":{"start":{"line":76,"column":0},"end":{"line":76,"column":39}},"76":{"start":{"line":77,"column":0},"end":{"line":77,"column":62}},"77":{"start":{"line":78,"column":0},"end":{"line":78,"column":3}},"82":{"start":{"line":83,"column":0},"end":{"line":83,"column":22}},"83":{"start":{"line":84,"column":0},"end":{"line":84,"column":51}},"84":{"start":{"line":85,"column":0},"end":{"line":85,"column":3}},"85":{"start":{"line":86,"column":0},"end":{"line":86,"column":1}}},"s":{"0":1,"5":1,"6":1,"10":0,"14":0,"18":0,"19":0,"20":0,"21":0,"22":0,"23":0,"24":0,"30":1,"33":0,"34":0,"35":0,"36":0,"41":1,"43":0,"44":0,"45":0,"47":0,"48":0,"49":0,"51":0,"52":0,"53":0,"54":0,"55":0,"56":0,"57":0,"58":0,"60":0,"61":0,"62":0,"67":1,"68":0,"69":0,"74":1,"75":0,"76":0,"77":0,"82":1,"83":0,"84":0,"85":1},"branchMap":{},"b":{},"fnMap":{"0":{"name":"BetaDistribution","decl":{"start":{"line":7,"column":2},"end":{"line":25,"column":3}},"loc":{"start":{"line":7,"column":2},"end":{"line":25,"column":3}},"line":7},"1":{"name":"sample","decl":{"start":{"line":31,"column":2},"end":{"line":37,"column":3}},"loc":{"start":{"line":31,"column":2},"end":{"line":37,"column":3}},"line":31},"2":{"name":"sampleGamma","decl":{"start":{"line":42,"column":10},"end":{"line":63,"column":3}},"loc":{"start":{"line":42,"column":10},"end":{"line":63,"column":3}},"line":42},"3":{"name":"mean","decl":{"start":{"line":68,"column":2},"end":{"line":70,"column":3}},"loc":{"start":{"line":68,"column":2},"end":{"line":70,"column":3}},"line":68},"4":{"name":"variance","decl":{"start":{"line":75,"column":2},"end":{"line":78,"column":3}},"loc":{"start":{"line":75,"column":2},"end":{"line":78,"column":3}},"line":75},"5":{"name":"toString","decl":{"start":{"line":83,"column":2},"end":{"line":85,"column":3}},"loc":{"start":{"line":83,"column":2},"end":{"line":85,"column":3}},"line":83}},"f":{"0":0,"1":0,"2":0,"3":0,"4":0,"5":0}}
[...]
,"/Users/jamesaphoenix/Desktop/projects/just_understanding_data/open-person/packages/persona-sdk/src/tools/distribution-selector.ts": {"path":"/Users/jamesaphoenix/Desktop/projects/just_understanding_data/open-person/packages/persona-sdk/src/tools/distribution-selector.ts","all":true,"statementMap":{"0":{"start":{"line":1,"column":0},"end":{"line":1,"column":32}},"1":{"start":{"line":2,"column":0},"end":{"line":2,"column":9}},"9":{"start":{"line":10,"column":0},"end":{"line":10,"column":72}},"14":{"start":{"line":15,"column":0},"end":{"line":15,"column":35}},"15":{"start":{"line":16,"column":0},"end":{"line":16,"column":25}},"17":{"start":{"line":18,"column":0},"end":{"line":18,"column":32}},"18":{"start":{"line":19,"column":0},"end":{"line":19,"column":30}},"19":{"start":{"line":20,"column":0},"end":{"line":20,"column":50}},"20":{"start":{"line":21,"column":0},"end":{"line":21,"column":7}},"21":{"start":{"line":22,"column":0},"end":{"line":22,"column":3}},"26":{"start":{"line":27,"column":0},"end":{"line":27,"column":88}},"27":{"start":{"line":28,"column":0},"end":{"line":28,"column":19}},"28":{"start":{"line":29,"column":0},"end":{"line":29,"column":7}},"29":{"start":{"line":30,"column":0},"end":{"line":30,"column":34}},"30":{"start":{"line":31,"column":0},"end":{"line":31,"column":19}},"31":{"start":{"line":32,"column":0},"end":{"line":32,"column":38}},"32":{"start":{"line":33,"column":0},"end":{"line":33,"column":112}},"33":{"start":{"line":34,"column":0},"end":{"line":34,"column":23}},"34":{"start":{"line":35,"column":0},"end":{"line":35,"column":27}},"35":{"start":{"line":36,"column":0},"end":{"line":36,"column":25}},"36":{"start":{"line":37,"column":0},"end":{"line":37,"column":34}},"37":{"start":{"line":38,"column":0},"end":{"line":38,"column":31}},"38":{"start":{"line":39,"column":0},"end":{"line":39,"column":54}},"39":{"start":{"line":40,"column":0},"end":{"line":40,"column":62}},"40":{"start":{"line":41,"column":0},"end":{"line":41,"column":16}},"41":{"start":{"line":42,"column":0},"end":{"line":42,"column":27}},"42":{"start":{"line":43,"column":0},"end":{"line":43,"column":31}},"43":{"start":{"line":44,"column":0},"end":{"line":44,"column":78}},"44":{"start":{"line":45,"column":0},"end":{"line":45,"column":29}},"46":{"start":{"line":47,"column":0},"end":{"line":47,"column":88}},"47":{"start":{"line":48,"column":0},"end":{"line":48,"column":105}},"50":{"start":{"line":51,"column":0},"end":{"line":51,"column":97}},"51":{"start":{"line":52,"column":0},"end":{"line":52,"column":97}},"54":{"start":{"line":55,"column":0},"end":{"line":55,"column":103}},"57":{"start":{"line":58,"column":0},"end":{"line":58,"column":98}},"58":{"start":{"line":59,"column":0},"end":{"line":59,"column":96}},"61":{"start":{"line":62,"column":0},"end":{"line":62,"column":31}},"62":{"start":{"line":63,"column":0},"end":{"line":63,"column":34}},"63":{"start":{"line":64,"column":0},"end":{"line":64,"column":94}},"64":{"start":{"line":65,"column":0},"end":{"line":65,"column":28}},"65":{"start":{"line":66,"column":0},"end":{"line":66,"column":37}},"66":{"start":{"line":67,"column":0},"end":{"line":67,"column":35}},"67":{"start":{"line":68,"column":0},"end":{"line":68,"column":62}},"68":{"start":{"line":69,"column":0},"end":{"line":69,"column":55}},"69":{"start":{"line":70,"column":0},"end":{"line":70,"column":23}},"70":{"start":{"line":71,"column":0},"end":{"line":71,"column":21}},"71":{"start":{"line":72,"column":0},"end":{"line":72,"column":19}},"72":{"start":{"line":73,"column":0},"end":{"line":73,"column":17}},"73":{"start":{"line":74,"column":0},"end":{"line":74,"column":16}},"74":{"start":{"line":75,"column":0},"end":{"line":75,"column":26}},"75":{"start":{"line":76,"column":0},"end":{"line":76,"column":31}},"76":{"start":{"line":77,"column":0},"end":{"line":77,"column":79}},"77":{"start":{"line":78,"column":0},"end":{"line":78,"column":15}},"78":{"start":{"line":79,"column":0},"end":{"line":79,"column":14}},"79":{"start":{"line":80,"column":0},"end":{"line":80,"column":70}},"80":{"start":{"line":81,"column":0},"end":{"line":81,"column":11}},"81":{"start":{"line":82,"column":0},"end":{"line":82,"column":9}},"82":{"start":{"line":83,"column":0},"end":{"line":83,"column":7}},"83":{"start":{"line":84,"column":0},"end":{"line":84,"column":6}},"85":{"start":{"line":86,"column":0},"end":{"line":86,"column":137}},"87":{"start":{"line":88,"column":0},"end":{"line":88,"column":26}},"88":{"start":{"line":89,"column":0},"end":{"line":89,"column":81}},"97":{"start":{"line":98,"column":0},"end":{"line":98,"column":64}},"98":{"start":{"line":99,"column":0},"end":{"line":99,"column":35}},"99":{"start":{"line":100,"column":0},"end":{"line":100,"column":52}},"100":{"start":{"line":101,"column":0},"end":{"line":101,"column":12}},"101":{"start":{"line":102,"column":0},"end":{"line":102,"column":82}},"102":{"start":{"line":103,"column":0},"end":{"line":103,"column":7}},"104":{"start":{"line":105,"column":0},"end":{"line":105,"column":65}},"105":{"start":{"line":106,"column":0},"end":{"line":106,"column":20}},"106":{"start":{"line":107,"column":0},"end":{"line":107,"column":50}},"107":{"start":{"line":108,"column":0},"end":{"line":108,"column":5}},"109":{"start":{"line":110,"column":0},"end":{"line":110,"column":62}},"110":{"start":{"line":111,"column":0},"end":{"line":111,"column":86}},"111":{"start":{"line":112,"column":0},"end":{"line":112,"column":3}},"116":{"start":{"line":117,"column":0},"end":{"line":117,"column":81}},"117":{"start":{"line":118,"column":0},"end":{"line":118,"column":19}},"118":{"start":{"line":119,"column":0},"end":{"line":119,"column":35}},"119":{"start":{"line":120,"column":0},"end":{"line":120,"column":67}},"121":{"start":{"line":122,"column":0},"end":{"line":122,"column":36}},"122":{"start":{"line":123,"column":0},"end":{"line":123,"column":63}},"124":{"start":{"line":125,"column":0},"end":{"line":125,"column":40}},"125":{"start":{"line":126,"column":0},"end":{"line":126,"column":56}},"127":{"start":{"line":128,"column":0},"end":{"line":128,"column":33}},"128":{"start":{"line":129,"column":0},"end":{"line":129,"column":63}},"130":{"start":{"line":131,"column":0},"end":{"line":131,"column":40}},"131":{"start":{"line":132,"column":0},"end":{"line":132,"column":62}},"133":{"start":{"line":134,"column":0},"end":{"line":134,"column":14}},"134":{"start":{"line":135,"column":0},"end":{"line":135,"column":62}},"135":{"start":{"line":136,"column":0},"end":{"line":136,"column":5}},"136":{"start":{"line":137,"column":0},"end":{"line":137,"column":3}},"141":{"start":{"line":142,"column":0},"end":{"line":142,"column":31}},"142":{"start":{"line":143,"column":0},"end":{"line":143,"column":25}},"143":{"start":{"line":144,"column":0},"end":{"line":144,"column":19}},"144":{"start":{"line":145,"column":0},"end":{"line":145,"column":41}},"145":{"start":{"line":146,"column":0},"end":{"line":146,"column":60}},"148":{"start":{"line":149,"column":0},"end":{"line":149,"column":58}},"149":{"start":{"line":150,"column":0},"end":{"line":150,"column":81}},"150":{"start":{"line":151,"column":0},"end":{"line":151,"column":41}},"151":{"start":{"line":152,"column":0},"end":{"line":152,"column":7}},"153":{"start":{"line":154,"column":0},"end":{"line":154,"column":48}},"154":{"start":{"line":155,"column":0},"end":{"line":155,"column":54}},"155":{"start":{"line":156,"column":0},"end":{"line":156,"column":51}},"156":{"start":{"line":157,"column":0},"end":{"line":157,"column":7}},"158":{"start":{"line":159,"column":0},"end":{"line":159,"column":27}},"159":{"start":{"line":160,"column":0},"end":{"line":160,"column":3}},"160":{"start":{"line":161,"column":0},"end":{"line":161,"column":1}}},"s":{"0":0,"1":0,"9":0,"14":0,"15":0,"17":0,"18":0,"19":0,"20":0,"21":0,"26":0,"27":0,"28":0,"29":0,"30":0,"31":0,"32":0,"33":0,"34":0,"35":0,"36":0,"37":0,"38":0,"39":0,"40":0,"41":0,"42":0,"43":0,"44":0,"46":0,"47":0,"50":0,"51":0,"54":0,"57":0,"58":0,"61":0,"62":0,"63":0,"64":0,"65":0,"66":0,"67":0,"68":0,"69":0,"70":0,"71":0,"72":0,"73":0,"74":0,"75":0,"76":0,"77":0,"78":0,"79":0,"80":0,"81":0,"82":0,"83":0,"85":0,"87":0,"88":0,"97":0,"98":0,"99":0,"100":0,"101":0,"102":0,"104":0,"105":0,"106":0,"107":0,"109":0,"110":0,"111":0,"116":0,"117":0,"118":0,"119":0,"121":0,"122":0,"124":0,"125":0,"127":0,"128":0,"130":0,"131":0,"133":0,"134":0,"135":0,"136":0,"141":0,"142":0,"143":0,"144":0,"145":0,"148":0,"149":0,"150":0,"151":0,"153":0,"154":0,"155":0,"156":0,"158":0,"159":0,"160":0},"branchMap":{"0":{"type":"branch","line":1,"loc":{"start":{"line":1,"column":5832},"end":{"line":161,"column":1}},"locations":[{"start":{"line":1,"column":5832},"end":{"line":161,"column":1}}]}},"b":{"0":[0]},"fnMap":{"0":{"name":"(empty-report)","decl":{"start":{"line":1,"column":5832},"end":{"line":161,"column":1}},"loc":{"start":{"line":1,"column":5832},"end":{"line":161,"column":1}},"line":1}},"f":{"0":0}}
,"/Users/jamesaphoenix/Desktop/projects/just_understanding_data/open-person/packages/persona-sdk/src/tools/index.ts": {"path":"/Users/jamesaphoenix/Desktop/projects/just_understanding_data/open-person/packages/persona-sdk/src/tools/index.ts","all":true,"statementMap":{"0":{"start":{"line":1,"column":0},"end":{"line":1,"column":63}},"1":{"start":{"line":2,"column":0},"end":{"line":2,"column":74}}},"s":{"0":0,"1":0},"branchMap":{"0":{"type":"branch","line":1,"loc":{"start":{"line":1,"column":201},"end":{"line":3,"column":62}},"locations":[{"start":{"line":1,"column":201},"end":{"line":3,"column":62}}]}},"b":{"0":[0]},"fnMap":{"0":{"name":"(empty-report)","decl":{"start":{"line":1,"column":201},"end":{"line":3,"column":62}},"loc":{"start":{"line":1,"column":201},"end":{"line":3,"column":62}},"line":1}},"f":{"0":0}}
,"/Users/jamesaphoenix/Desktop/projects/just_understanding_data/open-person/packages/persona-sdk/src/tools/structured-output-generator.ts": {"path":"/Users/jamesaphoenix/Desktop/projects/just_understanding_data/open-person/packages/persona-sdk/src/tools/structured-output-generator.ts","all":true,"statementMap":{"0":{"start":{"line":1,"column":0},"end":{"line":1,"column":47}},"1":{"start":{"line":2,"column":0},"end":{"line":2,"column":24}},"30":{"start":{"line":31,"column":0},"end":{"line":31,"column":40}},"31":{"start":{"line":32,"column":0},"end":{"line":32,"column":28}},"39":{"start":{"line":40,"column":0},"end":{"line":40,"column":75}},"40":{"start":{"line":41,"column":0},"end":{"line":41,"column":33}},"41":{"start":{"line":42,"column":0},"end":{"line":42,"column":57}},"42":{"start":{"line":43,"column":0},"end":{"line":43,"column":16}},"43":{"start":{"line":44,"column":0},"end":{"line":44,"column":22}},"44":{"start":{"line":45,"column":0},"end":{"line":45,"column":7}},"45":{"start":{"line":46,"column":0},"end":{"line":46,"column":3}},"60":{"start":{"line":61,"column":0},"end":{"line":61,"column":26}},"61":{"start":{"line":62,"column":0},"end":{"line":62,"column":24}},"62":{"start":{"line":63,"column":0},"end":{"line":63,"column":27}},"63":{"start":{"line":64,"column":0},"end":{"line":64,"column":19}},"64":{"start":{"line":65,"column":0},"end":{"line":65,"column":35}},"65":{"start":{"line":66,"column":0},"end":{"line":66,"column":44}},"66":{"start":{"line":67,"column":0},"end":{"line":67,"column":80}},"68":{"start":{"line":69,"column":0},"end":{"line":69,"column":87}},"70":{"start":{"line":71,"column":0},"end":{"line":71,"column":27}},"71":{"start":{"line":72,"column":0},"end":{"line":72,"column":26}},"72":{"start":{"line":73,"column":0},"end":{"line":73,"column":67}},"75":{"start":{"line":76,"column":0},"end":{"line":76,"column":81}},"77":{"start":{"line":78,"column":0},"end":{"line":78,"column":108}},"78":{"start":{"line":79,"column":0},"end":{"line":79,"column":53}},"81":{"start":{"line":82,"column":0},"end":{"line":82,"column":71}},"84":{"start":{"line":85,"column":0},"end":{"line":85,"column":61}},"86":{"start":{"line":87,"column":0},"end":{"line":87,"column":12}},"87":{"start":{"line":88,"column":0},"end":{"line":88,"column":22}},"88":{"start":{"line":89,"column":0},"end":{"line":89,"column":17}},"89":{"start":{"line":90,"column":0},"end":{"line":90,"column":36}},"90":{"start":{"line":91,"column":0},"end":{"line":91,"column":30}},"91":{"start":{"line":92,"column":0},"end":{"line":92,"column":30}},"92":{"start":{"line":93,"column":0},"end":{"line":93,"column":30}},"93":{"start":{"line":94,"column":0},"end":{"line":94,"column":7}},"94":{"start":{"line":95,"column":0},"end":{"line":95,"column":6}},"95":{"start":{"line":96,"column":0},"end":{"line":96,"column":3}},"122":{"start":{"line":123,"column":0},"end":{"line":123,"column":37}},"123":{"start":{"line":124,"column":0},"end":{"line":124,"column":24}},"124":{"start":{"line":125,"column":0},"end":{"line":125,"column":24}},"134":{"start":{"line":135,"column":0},"end":{"line":135,"column":7}},"135":{"start":{"line":136,"column":0},"end":{"line":136,"column":37}},"136":{"start":{"line":137,"column":0},"end":{"line":137,"column":39}},"137":{"start":{"line":138,"column":0},"end":{"line":138,"column":61}},"138":{"start":{"line":139,"column":0},"end":{"line":139,"column":139}},"139":{"start":{"line":140,"column":0},"end":{"line":140,"column":117}},"140":{"start":{"line":141,"column":0},"end":{"line":141,"column":74}},"141":{"start":{"line":142,"column":0},"end":{"line":142,"column":70}},"142":{"start":{"line":143,"column":0},"end":{"line":143,"column":91}},"143":{"start":{"line":144,"column":0},"end":{"line":144,"column":102}},"144":{"start":{"line":145,"column":0},"end":{"line":145,"column":7}},"146":{"start":{"line":147,"column":0},"end":{"line":147,"column":43}},"147":{"start":{"line":148,"column":0},"end":{"line":148,"column":22}},"148":{"start":{"line":149,"column":0},"end":{"line":149,"column":38}},"149":{"start":{"line":150,"column":0},"end":{"line":150,"column":8}},"151":{"start":{"line":152,"column":0},"end":{"line":152,"column":124}},"153":{"start":{"line":154,"column":0},"end":{"line":154,"column":18}},"154":{"start":{"line":155,"column":0},"end":{"line":155,"column":52}},"155":{"start":{"line":156,"column":0},"end":{"line":156,"column":98}},"156":{"start":{"line":157,"column":0},"end":{"line":157,"column":14}},"165":{"start":{"line":166,"column":0},"end":{"line":166,"column":56}},"166":{"start":{"line":167,"column":0},"end":{"line":167,"column":3}},"189":{"start":{"line":190,"column":0},"end":{"line":190,"column":25}},"190":{"start":{"line":191,"column":0},"end":{"line":191,"column":24}},"191":{"start":{"line":192,"column":0},"end":{"line":192,"column":28}},"204":{"start":{"line":205,"column":0},"end":{"line":205,"column":7}},"205":{"start":{"line":206,"column":0},"end":{"line":206,"column":36}},"206":{"start":{"line":207,"column":0},"end":{"line":207,"column":34}},"207":{"start":{"line":208,"column":0},"end":{"line":208,"column":69}},"208":{"start":{"line":209,"column":0},"end":{"line":209,"column":80}},"209":{"start":{"line":210,"column":0},"end":{"line":210,"column":82}},"210":{"start":{"line":211,"column":0},"end":{"line":211,"column":105}},"211":{"start":{"line":212,"column":0},"end":{"line":212,"column":34}},"212":{"start":{"line":213,"column":0},"end":{"line":213,"column":93}},"213":{"start":{"line":214,"column":0},"end":{"line":214,"column":64}},"214":{"start":{"line":215,"column":0},"end":{"line":215,"column":83}},"215":{"start":{"line":216,"column":0},"end":{"line":216,"column":86}},"216":{"start":{"line":217,"column":0},"end":{"line":217,"column":100}},"217":{"start":{"line":218,"column":0},"end":{"line":218,"column":7}},"219":{"start":{"line":220,"column":0},"end":{"line":220,"column":107}},"230":{"start":{"line":231,"column":0},"end":{"line":231,"column":55}},"231":{"start":{"line":232,"column":0},"end":{"line":232,"column":3}},"267":{"start":{"line":268,"column":0},"end":{"line":268,"column":32}},"268":{"start":{"line":269,"column":0},"end":{"line":269,"column":24}},"269":{"start":{"line":270,"column":0},"end":{"line":270,"column":27}},"270":{"start":{"line":271,"column":0},"end":{"line":271,"column":26}},"271":{"start":{"line":272,"column":0},"end":{"line":272,"column":35}},"272":{"start":{"line":273,"column":0},"end":{"line":273,"column":56}},"273":{"start":{"line":274,"column":0},"end":{"line":274,"column":3}},"274":{"start":{"line":275,"column":0},"end":{"line":275,"column":1}}},"s":{"0":0,"1":0,"30":0,"31":0,"39":0,"40":0,"41":0,"42":0,"43":0,"44":0,"45":0,"60":0,"61":0,"62":0,"63":0,"64":0,"65":0,"66":0,"68":0,"70":0,"71":0,"72":0,"75":0,"77":0,"78":0,"81":0,"84":0,"86":0,"87":0,"88":0,"89":0,"90":0,"91":0,"92":0,"93":0,"94":0,"95":0,"122":0,"123":0,"124":0,"134":0,"135":0,"136":0,"137":0,"138":0,"139":0,"140":0,"141":0,"142":0,"143":0,"144":0,"146":0,"147":0,"148":0,"149":0,"151":0,"153":0,"154":0,"155":0,"156":0,"165":0,"166":0,"189":0,"190":0,"191":0,"204":0,"205":0,"206":0,"207":0,"208":0,"209":0,"210":0,"211":0,"212":0,"213":0,"214":0,"215":0,"216":0,"217":0,"219":0,"230":0,"231":0,"267":0,"268":0,"269":0,"270":0,"271":0,"272":0,"273":0,"274":0},"branchMap":{"0":{"type":"branch","line":1,"loc":{"start":{"line":1,"column":9947},"end":{"line":275,"column":1}},"locations":[{"start":{"line":1,"column":9947},"end":{"line":275,"column":1}}]}},"b":{"0":[0]},"fnMap":{"0":{"name":"(empty-report)","decl":{"start":{"line":1,"column":9947},"end":{"line":275,"column":1}},"loc":{"start":{"line":1,"column":9947},"end":{"line":275,"column":1}},"line":1}},"f":{"0":0}}
,"/Users/jamesaphoenix/Desktop/projects/just_understanding_data/open-person/packages/persona-sdk/src/tools/types.ts": {"path":"/Users/jamesaphoenix/Desktop/projects/just_understanding_data/open-person/packages/persona-sdk/src/tools/types.ts","all":true,"statementMap":{"25":{"start":{"line":26,"column":0},"end":{"line":26,"column":30}},"26":{"start":{"line":27,"column":0},"end":{"line":27,"column":20}},"27":{"start":{"line":28,"column":0},"end":{"line":28,"column":22}},"28":{"start":{"line":29,"column":0},"end":{"line":29,"column":30}},"29":{"start":{"line":30,"column":0},"end":{"line":30,"column":16}},"30":{"start":{"line":31,"column":0},"end":{"line":31,"column":29}}},"s":{"25":0,"26":0,"27":0,"28":0,"29":0,"30":0},"branchMap":{"0":{"type":"branch","line":1,"loc":{"start":{"line":1,"column":890},"end":{"line":45,"column":1}},"locations":[{"start":{"line":1,"column":890},"end":{"line":45,"column":1}}]}},"b":{"0":[1]},"fnMap":{"0":{"name":"(empty-report)","decl":{"start":{"line":1,"column":890},"end":{"line":45,"column":1}},"loc":{"start":{"line":1,"column":890},"end":{"line":45,"column":1}},"line":1}},"f":{"0":1}}
,"/Users/jamesaphoenix/Desktop/projects/just_understanding_data/open-person/packages/persona-sdk/src/types/index.ts": {"path":"/Users/jamesaphoenix/Desktop/projects/just_understanding_data/open-person/packages/persona-sdk/src/types/index.ts","all":false,"statementMap":{"0":{"start":{"line":1,"column":0},"end":{"line":1,"column":24}},"30":{"start":{"line":31,"column":0},"end":{"line":31,"column":61}},"45":{"start":{"line":46,"column":0},"end":{"line":46,"column":53}},"46":{"start":{"line":47,"column":0},"end":{"line":47,"column":44}},"47":{"start":{"line":48,"column":0},"end":{"line":48,"column":41}},"48":{"start":{"line":49,"column":0},"end":{"line":49,"column":16}},"49":{"start":{"line":50,"column":0},"end":{"line":50,"column":3}},"63":{"start":{"line":64,"column":0},"end":{"line":64,"column":81}}},"s":{"0":1,"30":1,"45":1,"46":1,"47":1,"48":1,"49":1,"63":1},"branchMap":{},"b":{},"fnMap":{},"f":{}}
}
